SF:lib/data/local/app_db.g.dart
DA:11,5
DA:14,10
DA:15,5
DA:19,8
DA:20,4
DA:26,8
DA:27,4
DA:34,8
DA:35,4
DA:42,8
DA:43,4
DA:48,8
DA:49,4
DA:53,4
DA:58,4
DA:59,8
DA:64,8
DA:65,4
DA:69,4
DA:72,4
DA:73,8
DA:77,8
DA:81,8
DA:82,4
DA:88,8
DA:89,4
DA:94,8
DA:95,4
DA:100,8
DA:101,4
DA:106,8
DA:107,4
DA:112,8
DA:113,4
DA:118,4
DA:119,8
DA:124,8
DA:125,4
DA:129,4
DA:130,4
DA:131,4
DA:132,4
DA:133,4
DA:134,4
DA:135,4
DA:136,4
DA:137,4
DA:138,4
DA:139,4
DA:140,4
DA:141,4
DA:142,4
DA:143,4
DA:144,4
DA:145,4
DA:146,4
DA:147,4
DA:149,5
DA:150,10
DA:151,5
DA:154,2
DA:157,2
DA:158,2
DA:159,2
DA:160,8
DA:162,0
DA:164,2
DA:165,2
DA:166,6
DA:168,2
DA:169,2
DA:170,6
DA:172,2
DA:173,2
DA:174,6
DA:176,2
DA:177,2
DA:178,6
DA:180,0
DA:182,2
DA:183,2
DA:184,6
DA:186,2
DA:187,0
DA:189,0
DA:190,0
DA:192,2
DA:193,2
DA:194,6
DA:196,2
DA:197,2
DA:198,6
DA:200,2
DA:201,1
DA:202,3
DA:204,2
DA:205,0
DA:207,0
DA:208,0
DA:210,2
DA:211,0
DA:212,0
DA:214,2
DA:215,1
DA:217,2
DA:218,1
DA:220,2
DA:221,1
DA:223,2
DA:224,1
DA:226,2
DA:227,0
DA:229,0
DA:230,0
DA:232,2
DA:233,2
DA:235,4
DA:236,2
DA:241,4
DA:242,4
DA:243,2
DA:245,0
DA:246,2
DA:247,4
DA:248,6
DA:249,4
DA:250,6
DA:251,4
DA:252,6
DA:253,4
DA:254,6
DA:255,4
DA:256,6
DA:257,4
DA:258,6
DA:259,6
DA:260,4
DA:261,4
DA:262,6
DA:263,6
DA:264,2
DA:265,6
DA:266,4
DA:267,6
DA:268,4
DA:269,6
DA:270,4
DA:271,6
DA:272,4
DA:273,6
DA:274,4
DA:275,6
DA:276,4
DA:277,6
DA:278,6
DA:279,4
DA:280,6
DA:281,4
DA:285,2
DA:287,4
DA:290,8
DA:312,2
DA:330,2
DA:332,2
DA:333,6
DA:334,6
DA:335,6
DA:336,6
DA:337,6
DA:338,6
DA:339,2
DA:340,0
DA:342,6
DA:344,2
DA:345,8
DA:347,6
DA:348,2
DA:349,3
DA:351,2
DA:352,0
DA:354,2
DA:355,0
DA:357,2
DA:358,3
DA:360,2
DA:361,3
DA:363,2
DA:364,0
DA:366,6
DA:370,0
DA:371,0
DA:372,0
DA:373,0
DA:374,0
DA:375,0
DA:376,0
DA:377,0
DA:378,0
DA:380,0
DA:381,0
DA:382,0
DA:383,0
DA:385,0
DA:386,0
DA:388,0
DA:389,0
DA:391,0
DA:392,0
DA:394,0
DA:395,0
DA:397,0
DA:398,0
DA:400,0
DA:401,0
DA:405,0
DA:407,0
DA:408,0
DA:409,0
DA:410,0
DA:411,0
DA:412,0
DA:413,0
DA:414,0
DA:416,0
DA:417,0
DA:418,0
DA:419,0
DA:420,0
DA:421,0
DA:422,0
DA:423,0
DA:424,0
DA:425,0
DA:427,0
DA:428,0
DA:431,0
DA:433,0
DA:434,0
DA:435,0
DA:436,0
DA:437,0
DA:438,0
DA:439,0
DA:440,0
DA:441,0
DA:442,0
DA:444,0
DA:445,0
DA:446,0
DA:447,0
DA:448,0
DA:449,0
DA:450,0
DA:451,0
DA:452,0
DA:456,0
DA:474,0
DA:475,0
DA:476,0
DA:477,0
DA:478,0
DA:479,0
DA:480,0
DA:481,0
DA:482,0
DA:483,0
DA:484,0
DA:485,0
DA:486,0
DA:487,0
DA:489,0
DA:490,0
DA:492,0
DA:494,0
DA:495,0
DA:496,0
DA:497,0
DA:498,0
DA:500,0
DA:501,0
DA:502,0
DA:503,0
DA:504,0
DA:505,0
DA:506,0
DA:507,0
DA:508,0
DA:509,0
DA:510,0
DA:511,0
DA:512,0
DA:513,0
DA:514,0
DA:515,0
DA:516,0
DA:517,0
DA:518,0
DA:519,0
DA:520,0
DA:521,0
DA:522,0
DA:523,0
DA:524,0
DA:525,0
DA:526,0
DA:527,0
DA:528,0
DA:529,0
DA:530,0
DA:534,0
DA:536,0
DA:537,0
DA:538,0
DA:539,0
DA:540,0
DA:541,0
DA:542,0
DA:543,0
DA:544,0
DA:545,0
DA:546,0
DA:547,0
DA:548,0
DA:549,0
DA:550,0
DA:551,0
DA:552,0
DA:553,0
DA:554,0
DA:555,0
DA:558,0
DA:559,0
DA:560,0
DA:561,0
DA:562,0
DA:563,0
DA:564,0
DA:565,0
DA:566,0
DA:567,0
DA:568,0
DA:569,0
DA:570,0
DA:571,0
DA:572,0
DA:573,0
DA:574,0
DA:575,0
DA:576,0
DA:577,0
DA:580,0
DA:581,0
DA:582,0
DA:583,0
DA:584,0
DA:585,0
DA:586,0
DA:587,0
DA:588,0
DA:589,0
DA:590,0
DA:591,0
DA:592,0
DA:593,0
DA:594,0
DA:595,0
DA:596,0
DA:597,0
DA:619,0
DA:639,1
DA:658,1
DA:659,1
DA:660,0
DA:680,0
DA:681,0
DA:682,0
DA:683,0
DA:684,0
DA:685,0
DA:686,0
DA:687,0
DA:688,0
DA:689,0
DA:690,0
DA:691,0
DA:692,0
DA:693,0
DA:694,0
DA:695,0
DA:696,0
DA:697,0
DA:698,0
DA:702,0
DA:721,0
DA:722,0
DA:723,0
DA:724,0
DA:725,0
DA:726,0
DA:727,0
DA:728,0
DA:729,0
DA:730,0
DA:731,0
DA:732,0
DA:733,0
DA:734,0
DA:735,0
DA:736,0
DA:737,0
DA:738,0
DA:739,0
DA:743,1
DA:745,1
DA:746,2
DA:747,4
DA:749,2
DA:750,4
DA:752,2
DA:753,4
DA:755,2
DA:756,4
DA:758,2
DA:759,4
DA:761,2
DA:762,4
DA:764,2
DA:765,0
DA:767,2
DA:768,4
DA:770,2
DA:771,2
DA:772,4
DA:774,2
DA:775,4
DA:777,2
DA:778,4
DA:780,2
DA:781,0
DA:783,2
DA:784,0
DA:786,2
DA:787,0
DA:789,2
DA:790,0
DA:792,2
DA:793,0
DA:795,2
DA:796,4
DA:798,2
DA:799,0
DA:804,0
DA:806,0
DA:807,0
DA:808,0
DA:809,0
DA:810,0
DA:811,0
DA:812,0
DA:813,0
DA:814,0
DA:815,0
DA:816,0
DA:817,0
DA:818,0
DA:819,0
DA:820,0
DA:821,0
DA:822,0
DA:823,0
DA:824,0
DA:825,0
DA:826,0
DA:835,4
DA:838,8
DA:839,4
DA:844,4
DA:848,8
DA:849,4
DA:853,8
DA:854,4
DA:859,8
DA:860,4
DA:865,8
DA:866,4
DA:870,4
DA:872,24
DA:873,4
DA:874,8
DA:875,4
DA:878,1
DA:881,1
DA:882,1
DA:883,1
DA:884,0
DA:886,1
DA:887,1
DA:888,3
DA:890,0
DA:892,1
DA:893,1
DA:894,3
DA:896,0
DA:898,1
DA:899,1
DA:900,3
DA:902,1
DA:903,0
DA:904,0
DA:909,4
DA:910,4
DA:911,0
DA:913,0
DA:914,0
DA:915,0
DA:916,0
DA:917,0
DA:918,0
DA:919,0
DA:920,0
DA:921,0
DA:922,0
DA:923,0
DA:924,0
DA:928,0
DA:930,0
DA:940,0
DA:946,0
DA:948,0
DA:949,0
DA:950,0
DA:951,0
DA:952,0
DA:953,0
DA:955,0
DA:959,0
DA:960,0
DA:961,0
DA:962,0
DA:963,0
DA:964,0
DA:966,0
DA:967,0
DA:971,0
DA:973,0
DA:974,0
DA:975,0
DA:976,0
DA:977,0
DA:978,0
DA:979,0
DA:982,0
DA:984,0
DA:985,0
DA:986,0
DA:987,0
DA:988,0
DA:989,0
DA:990,0
DA:994,0
DA:1000,0
DA:1001,0
DA:1002,0
DA:1003,0
DA:1004,0
DA:1005,0
DA:1007,0
DA:1008,0
DA:1009,0
DA:1010,0
DA:1011,0
DA:1012,0
DA:1013,0
DA:1017,0
DA:1019,0
DA:1020,0
DA:1021,0
DA:1022,0
DA:1023,0
DA:1024,0
DA:1025,0
DA:1026,0
DA:1029,0
DA:1030,0
DA:1031,0
DA:1034,0
DA:1035,0
DA:1036,0
DA:1037,0
DA:1038,0
DA:1039,0
DA:1048,0
DA:1055,1
DA:1061,1
DA:1062,1
DA:1063,0
DA:1070,0
DA:1071,0
DA:1072,0
DA:1073,0
DA:1074,0
DA:1075,0
DA:1079,0
DA:1085,0
DA:1086,0
DA:1087,0
DA:1088,0
DA:1089,0
DA:1090,0
DA:1094,1
DA:1096,1
DA:1097,2
DA:1098,0
DA:1100,2
DA:1101,4
DA:1103,2
DA:1104,4
DA:1106,2
DA:1107,4
DA:1109,2
DA:1110,0
DA:1115,0
DA:1117,0
DA:1118,0
DA:1119,0
DA:1120,0
DA:1121,0
DA:1122,0
DA:1123,0
DA:1124,0
DA:1132,4
DA:1135,8
DA:1136,4
DA:1140,8
DA:1141,4
DA:1143,4
DA:1144,12
DA:1145,4
DA:1146,8
DA:1147,4
DA:1150,1
DA:1153,1
DA:1154,1
DA:1155,1
DA:1156,1
DA:1157,3
DA:1159,0
DA:1161,1
DA:1162,1
DA:1163,3
DA:1165,0
DA:1170,4
DA:1171,8
DA:1172,1
DA:1174,0
DA:1175,1
DA:1176,2
DA:1177,3
DA:1178,2
DA:1179,3
DA:1183,0
DA:1185,0
DA:1192,1
DA:1193,0
DA:1195,0
DA:1196,0
DA:1197,0
DA:1201,0
DA:1202,0
DA:1203,0
DA:1204,0
DA:1208,0
DA:1210,0
DA:1211,0
DA:1212,0
DA:1213,0
DA:1216,0
DA:1218,0
DA:1219,0
DA:1220,0
DA:1221,0
DA:1225,0
DA:1226,0
DA:1227,0
DA:1229,0
DA:1230,0
DA:1231,0
DA:1232,0
DA:1236,0
DA:1238,0
DA:1239,0
DA:1240,0
DA:1241,0
DA:1242,0
DA:1245,0
DA:1246,0
DA:1247,0
DA:1250,0
DA:1251,0
DA:1252,0
DA:1259,0
DA:1264,1
DA:1268,1
DA:1269,1
DA:1270,0
DA:1275,0
DA:1276,0
DA:1277,0
DA:1278,0
DA:1282,0
DA:1284,0
DA:1285,0
DA:1286,0
DA:1287,0
DA:1291,1
DA:1293,1
DA:1294,2
DA:1295,4
DA:1297,2
DA:1298,4
DA:1300,2
DA:1301,0
DA:1306,0
DA:1308,0
DA:1309,0
DA:1310,0
DA:1311,0
DA:1312,0
DA:1313,0
DA:1322,4
DA:1326,8
DA:1327,4
DA:1332,8
DA:1333,4
DA:1338,8
DA:1339,4
DA:1341,4
DA:1342,16
DA:1343,4
DA:1344,8
DA:1345,4
DA:1348,1
DA:1351,1
DA:1352,1
DA:1353,1
DA:1354,1
DA:1355,3
DA:1357,0
DA:1359,1
DA:1360,1
DA:1362,2
DA:1363,1
DA:1365,0
DA:1367,1
DA:1368,1
DA:1369,3
DA:1374,4
DA:1375,8
DA:1376,0
DA:1378,0
DA:1379,0
DA:1380,0
DA:1381,0
DA:1382,0
DA:1383,0
DA:1384,0
DA:1385,0
DA:1389,0
DA:1391,0
DA:1399,0
DA:1401,0
DA:1403,0
DA:1404,0
DA:1405,0
DA:1406,0
DA:1407,0
DA:1412,0
DA:1413,0
DA:1414,0
DA:1415,0
DA:1416,0
DA:1418,0
DA:1422,0
DA:1424,0
DA:1425,0
DA:1426,0
DA:1427,0
DA:1428,0
DA:1431,0
DA:1433,0
DA:1434,0
DA:1435,0
DA:1436,0
DA:1437,0
DA:1441,0
DA:1445,0
DA:1446,0
DA:1447,0
DA:1448,0
DA:1450,0
DA:1451,0
DA:1452,0
DA:1454,0
DA:1455,0
DA:1459,0
DA:1461,0
DA:1462,0
DA:1463,0
DA:1464,0
DA:1465,0
DA:1466,0
DA:1469,0
DA:1470,0
DA:1471,0
DA:1474,0
DA:1475,0
DA:1476,0
DA:1477,0
DA:1485,0
DA:1491,1
DA:1496,1
DA:1497,1
DA:1498,0
DA:1504,0
DA:1505,0
DA:1506,0
DA:1507,0
DA:1508,0
DA:1512,0
DA:1517,0
DA:1518,0
DA:1519,0
DA:1520,0
DA:1521,0
DA:1525,1
DA:1527,1
DA:1528,2
DA:1529,4
DA:1531,2
DA:1532,4
DA:1534,2
DA:1535,4
DA:1537,2
DA:1538,0
DA:1543,0
DA:1545,0
DA:1546,0
DA:1547,0
DA:1548,0
DA:1549,0
DA:1550,0
DA:1551,0
DA:1560,4
DA:1563,8
DA:1564,4
DA:1569,4
DA:1572,8
DA:1573,4
DA:1577,8
DA:1578,4
DA:1584,8
DA:1585,4
DA:1590,4
DA:1591,8
DA:1593,8
DA:1597,8
DA:1598,4
DA:1603,8
DA:1604,4
DA:1608,4
DA:1613,8
DA:1614,4
DA:1619,8
DA:1620,4
DA:1624,8
DA:1625,4
DA:1630,8
DA:1631,4
DA:1635,8
DA:1636,4
DA:1639,8
DA:1640,4
DA:1641,4
DA:1645,4
DA:1646,8
DA:1651,8
DA:1652,4
DA:1659,8
DA:1660,4
DA:1665,8
DA:1666,4
DA:1673,4
DA:1674,8
DA:1679,8
DA:1680,4
DA:1685,4
DA:1686,8
DA:1691,8
DA:1692,4
DA:1697,8
DA:1698,4
DA:1705,4
DA:1706,8
DA:1711,8
DA:1712,4
DA:1716,4
DA:1717,4
DA:1718,4
DA:1719,4
DA:1720,4
DA:1721,4
DA:1722,4
DA:1723,4
DA:1724,4
DA:1725,4
DA:1726,4
DA:1727,4
DA:1728,4
DA:1729,4
DA:1730,4
DA:1731,4
DA:1732,4
DA:1733,4
DA:1734,4
DA:1735,4
DA:1736,4
DA:1737,4
DA:1738,4
DA:1739,4
DA:1740,4
DA:1742,4
DA:1743,8
DA:1744,4
DA:1747,0
DA:1750,0
DA:1751,0
DA:1752,0
DA:1753,0
DA:1755,0
DA:1756,0
DA:1757,0
DA:1759,0
DA:1761,0
DA:1762,0
DA:1763,0
DA:1765,0
DA:1766,0
DA:1767,0
DA:1769,0
DA:1770,0
DA:1771,0
DA:1773,0
DA:1774,0
DA:1775,0
DA:1777,0
DA:1778,0
DA:1779,0
DA:1781,0
DA:1782,0
DA:1783,0
DA:1785,0
DA:1786,0
DA:1787,0
DA:1789,0
DA:1790,0
DA:1792,0
DA:1793,0
DA:1795,0
DA:1796,0
DA:1798,0
DA:1799,0
DA:1801,0
DA:1802,0
DA:1804,0
DA:1805,0
DA:1807,0
DA:1808,0
DA:1810,0
DA:1811,0
DA:1813,0
DA:1814,0
DA:1816,0
DA:1817,0
DA:1819,0
DA:1820,0
DA:1822,0
DA:1823,0
DA:1825,0
DA:1826,0
DA:1828,0
DA:1829,0
DA:1831,0
DA:1832,0
DA:1834,0
DA:1835,0
DA:1837,0
DA:1838,0
DA:1839,0
DA:1841,0
DA:1842,0
DA:1843,0
DA:1845,0
DA:1846,0
DA:1848,0
DA:1849,0
DA:1851,0
DA:1852,0
DA:1854,0
DA:1855,0
DA:1860,4
DA:1861,4
DA:1862,0
DA:1864,0
DA:1865,0
DA:1866,0
DA:1867,0
DA:1868,0
DA:1869,0
DA:1870,0
DA:1871,0
DA:1872,0
DA:1873,0
DA:1874,0
DA:1875,0
DA:1876,0
DA:1877,0
DA:1878,0
DA:1879,0
DA:1880,0
DA:1881,0
DA:1882,0
DA:1883,0
DA:1884,0
DA:1885,0
DA:1886,0
DA:1887,0
DA:1888,0
DA:1889,0
DA:1890,0
DA:1891,0
DA:1892,0
DA:1893,0
DA:1894,0
DA:1895,0
DA:1896,0
DA:1897,0
DA:1898,0
DA:1899,0
DA:1900,0
DA:1901,0
DA:1902,0
DA:1903,0
DA:1904,0
DA:1905,0
DA:1906,0
DA:1907,0
DA:1908,0
DA:1909,0
DA:1910,0
DA:1911,0
DA:1912,0
DA:1913,0
DA:1917,0
DA:1919,0
DA:1922,8
DA:1925,8
DA:1953,1
DA:1977,0
DA:1979,0
DA:1980,0
DA:1981,0
DA:1982,0
DA:1983,0
DA:1985,0
DA:1986,0
DA:1988,0
DA:1989,0
DA:1991,0
DA:1992,0
DA:1993,0
DA:1995,0
DA:1996,0
DA:1998,0
DA:1999,0
DA:2001,0
DA:2002,0
DA:2005,0
DA:2006,0
DA:2007,0
DA:2009,0
DA:2010,0
DA:2012,0
DA:2013,0
DA:2014,0
DA:2016,0
DA:2017,0
DA:2018,0
DA:2020,0
DA:2021,0
DA:2023,0
DA:2024,0
DA:2026,0
DA:2027,0
DA:2029,0
DA:2030,0
DA:2031,0
DA:2033,0
DA:2037,0
DA:2038,0
DA:2039,0
DA:2040,0
DA:2041,0
DA:2042,0
DA:2043,0
DA:2044,0
DA:2046,0
DA:2047,0
DA:2048,0
DA:2050,0
DA:2051,0
DA:2053,0
DA:2055,0
DA:2056,0
DA:2058,0
DA:2059,0
DA:2060,0
DA:2062,0
DA:2063,0
DA:2064,0
DA:2066,0
DA:2067,0
DA:2068,0
DA:2070,0
DA:2071,0
DA:2073,0
DA:2074,0
DA:2076,0
DA:2077,0
DA:2079,0
DA:2080,0
DA:2081,0
DA:2083,0
DA:2084,0
DA:2088,0
DA:2090,0
DA:2091,0
DA:2092,0
DA:2093,0
DA:2094,0
DA:2095,0
DA:2096,0
DA:2097,0
DA:2098,0
DA:2099,0
DA:2100,0
DA:2101,0
DA:2102,0
DA:2103,0
DA:2104,0
DA:2105,0
DA:2107,0
DA:2108,0
DA:2109,0
DA:2110,0
DA:2112,0
DA:2113,0
DA:2115,0
DA:2116,0
DA:2117,0
DA:2118,0
DA:2119,0
DA:2122,0
DA:2124,0
DA:2125,0
DA:2126,0
DA:2127,0
DA:2128,0
DA:2129,0
DA:2131,0
DA:2132,0
DA:2133,0
DA:2134,0
DA:2135,0
DA:2136,0
DA:2137,0
DA:2138,0
DA:2139,0
DA:2140,0
DA:2141,0
DA:2142,0
DA:2143,0
DA:2144,0
DA:2145,0
DA:2146,0
DA:2147,0
DA:2148,0
DA:2149,0
DA:2150,0
DA:2151,0
DA:2155,1
DA:2179,1
DA:2180,1
DA:2181,1
DA:2182,1
DA:2183,1
DA:2184,1
DA:2185,2
DA:2186,1
DA:2187,2
DA:2188,2
DA:2189,2
DA:2191,2
DA:2192,1
DA:2193,1
DA:2194,0
DA:2195,1
DA:2196,1
DA:2198,2
DA:2199,0
DA:2200,1
DA:2201,0
DA:2202,1
DA:2203,1
DA:2204,0
DA:2205,1
DA:2206,1
DA:2207,0
DA:2208,1
DA:2209,2
DA:2210,1
DA:2212,2
DA:2213,1
DA:2215,0
DA:2216,0
DA:2217,0
DA:2218,0
DA:2219,0
DA:2220,0
DA:2221,0
DA:2222,0
DA:2223,0
DA:2224,0
DA:2225,0
DA:2226,0
DA:2227,0
DA:2228,0
DA:2229,0
DA:2230,0
DA:2231,0
DA:2232,0
DA:2233,0
DA:2234,0
DA:2235,0
DA:2236,0
DA:2237,0
DA:2238,0
DA:2239,0
DA:2240,0
DA:2241,0
DA:2243,0
DA:2244,0
DA:2245,0
DA:2246,0
DA:2247,0
DA:2248,0
DA:2249,0
DA:2250,0
DA:2251,0
DA:2252,0
DA:2253,0
DA:2254,0
DA:2255,0
DA:2256,0
DA:2257,0
DA:2258,0
DA:2259,0
DA:2260,0
DA:2264,0
DA:2266,0
DA:2267,0
DA:2268,0
DA:2269,0
DA:2270,0
DA:2271,0
DA:2272,0
DA:2273,0
DA:2274,0
DA:2275,0
DA:2276,0
DA:2277,0
DA:2278,0
DA:2279,0
DA:2280,0
DA:2281,0
DA:2282,0
DA:2283,0
DA:2284,0
DA:2285,0
DA:2286,0
DA:2287,0
DA:2288,0
DA:2289,0
DA:2290,0
DA:2291,0
DA:2294,0
DA:2295,0
DA:2296,0
DA:2297,0
DA:2298,0
DA:2299,0
DA:2300,0
DA:2301,0
DA:2302,0
DA:2303,0
DA:2304,0
DA:2305,0
DA:2306,0
DA:2307,0
DA:2308,0
DA:2309,0
DA:2310,0
DA:2311,0
DA:2312,0
DA:2313,0
DA:2314,0
DA:2315,0
DA:2316,0
DA:2317,0
DA:2318,0
DA:2320,0
DA:2323,0
DA:2324,0
DA:2325,0
DA:2326,0
DA:2327,0
DA:2328,0
DA:2329,0
DA:2330,0
DA:2331,0
DA:2332,0
DA:2333,0
DA:2334,0
DA:2335,0
DA:2336,0
DA:2337,0
DA:2338,0
DA:2339,0
DA:2340,0
DA:2341,0
DA:2342,0
DA:2343,0
DA:2344,0
DA:2345,0
DA:2346,0
DA:2373,5
DA:2398,1
DA:2422,1
DA:2423,1
DA:2424,0
DA:2449,0
DA:2450,0
DA:2451,0
DA:2452,0
DA:2453,0
DA:2454,0
DA:2455,0
DA:2456,0
DA:2457,0
DA:2458,0
DA:2459,0
DA:2460,0
DA:2461,0
DA:2462,0
DA:2463,0
DA:2464,0
DA:2465,0
DA:2466,0
DA:2467,0
DA:2468,0
DA:2469,0
DA:2470,0
DA:2471,0
DA:2472,0
DA:2476,0
DA:2500,0
DA:2501,0
DA:2502,0
DA:2503,0
DA:2504,0
DA:2505,0
DA:2506,0
DA:2507,0
DA:2508,0
DA:2509,0
DA:2510,0
DA:2511,0
DA:2512,0
DA:2513,0
DA:2514,0
DA:2515,0
DA:2516,0
DA:2517,0
DA:2518,0
DA:2519,0
DA:2520,0
DA:2521,0
DA:2522,0
DA:2523,0
DA:2527,0
DA:2529,0
DA:2530,0
DA:2531,0
DA:2533,0
DA:2534,0
DA:2536,0
DA:2537,0
DA:2539,0
DA:2540,0
DA:2542,0
DA:2543,0
DA:2544,0
DA:2546,0
DA:2547,0
DA:2549,0
DA:2550,0
DA:2552,0
DA:2553,0
DA:2555,0
DA:2556,0
DA:2558,0
DA:2559,0
DA:2561,0
DA:2562,0
DA:2564,0
DA:2565,0
DA:2566,0
DA:2567,0
DA:2569,0
DA:2570,0
DA:2572,0
DA:2573,0
DA:2575,0
DA:2576,0
DA:2578,0
DA:2579,0
DA:2581,0
DA:2582,0
DA:2584,0
DA:2585,0
DA:2587,0
DA:2588,0
DA:2590,0
DA:2591,0
DA:2593,0
DA:2594,0
DA:2596,0
DA:2597,0
DA:2599,0
DA:2600,0
DA:2605,0
DA:2607,0
DA:2608,0
DA:2609,0
DA:2610,0
DA:2611,0
DA:2612,0
DA:2613,0
DA:2614,0
DA:2615,0
DA:2616,0
DA:2617,0
DA:2618,0
DA:2619,0
DA:2620,0
DA:2621,0
DA:2622,0
DA:2623,0
DA:2624,0
DA:2625,0
DA:2626,0
DA:2627,0
DA:2628,0
DA:2629,0
DA:2630,0
DA:2631,0
DA:2632,0
DA:2641,6
DA:2644,12
DA:2645,6
DA:2649,12
DA:2650,6
DA:2655,12
DA:2656,6
DA:2659,6
DA:2660,12
DA:2663,12
DA:2664,12
DA:2666,6
DA:2667,12
DA:2670,12
DA:2671,12
DA:2675,12
DA:2676,6
DA:2681,12
DA:2682,6
DA:2687,12
DA:2688,6
DA:2693,12
DA:2694,6
DA:2701,12
DA:2702,6
DA:2707,12
DA:2708,6
DA:2712,12
DA:2713,6
DA:2717,12
DA:2718,6
DA:2723,12
DA:2724,6
DA:2729,12
DA:2730,6
DA:2735,12
DA:2736,6
DA:2741,12
DA:2742,6
DA:2749,12
DA:2750,6
DA:2757,12
DA:2758,6
DA:2762,6
DA:2767,12
DA:2768,6
DA:2773,12
DA:2774,6
DA:2779,12
DA:2780,6
DA:2785,12
DA:2786,6
DA:2790,6
DA:2791,6
DA:2792,6
DA:2793,6
DA:2794,6
DA:2795,6
DA:2796,6
DA:2797,6
DA:2798,6
DA:2799,6
DA:2800,6
DA:2801,6
DA:2802,6
DA:2803,6
DA:2804,6
DA:2805,6
DA:2806,6
DA:2807,6
DA:2808,6
DA:2809,6
DA:2810,6
DA:2811,6
DA:2812,6
DA:2813,6
DA:2814,6
DA:2816,6
DA:2817,12
DA:2818,6
DA:2821,2
DA:2824,2
DA:2825,2
DA:2826,2
DA:2827,8
DA:2829,0
DA:2831,2
DA:2832,2
DA:2833,6
DA:2835,0
DA:2837,2
DA:2838,2
DA:2839,6
DA:2841,0
DA:2843,2
DA:2844,2
DA:2845,6
DA:2847,2
DA:2848,0
DA:2850,0
DA:2851,0
DA:2853,2
DA:2854,0
DA:2856,0
DA:2857,0
DA:2859,2
DA:2860,2
DA:2861,6
DA:2863,2
DA:2864,2
DA:2866,4
DA:2867,2
DA:2869,0
DA:2871,2
DA:2872,0
DA:2874,0
DA:2875,0
DA:2877,2
DA:2878,0
DA:2879,0
DA:2881,2
DA:2882,2
DA:2883,6
DA:2885,2
DA:2886,2
DA:2888,4
DA:2889,2
DA:2891,2
DA:2892,0
DA:2894,0
DA:2895,0
DA:2897,2
DA:2898,2
DA:2900,4
DA:2901,2
DA:2903,2
DA:2904,2
DA:2905,6
DA:2907,2
DA:2908,2
DA:2909,6
DA:2911,2
DA:2912,2
DA:2913,6
DA:2915,2
DA:2916,0
DA:2918,0
DA:2919,0
DA:2921,2
DA:2922,0
DA:2924,0
DA:2925,0
DA:2927,2
DA:2928,0
DA:2930,0
DA:2931,0
DA:2933,2
DA:2934,0
DA:2936,0
DA:2937,0
DA:2942,4
DA:2943,4
DA:2944,0
DA:2946,0
DA:2947,0
DA:2948,0
DA:2949,0
DA:2950,0
DA:2951,0
DA:2952,0
DA:2953,0
DA:2954,0
DA:2955,0
DA:2956,0
DA:2957,0
DA:2958,0
DA:2959,0
DA:2960,0
DA:2961,0
DA:2962,0
DA:2963,0
DA:2964,0
DA:2965,0
DA:2966,0
DA:2967,0
DA:2968,0
DA:2969,0
DA:2970,0
DA:2971,0
DA:2972,0
DA:2973,0
DA:2974,0
DA:2975,0
DA:2976,0
DA:2977,0
DA:2978,0
DA:2979,0
DA:2980,0
DA:2981,0
DA:2982,0
DA:2983,0
DA:2984,0
DA:2985,0
DA:2986,0
DA:2987,0
DA:2988,0
DA:2989,0
DA:2990,0
DA:2991,0
DA:2992,0
DA:2993,0
DA:2994,0
DA:2995,0
DA:2999,0
DA:3001,0
DA:3004,12
DA:3006,12
DA:3071,8
DA:3095,0
DA:3097,0
DA:3098,0
DA:3099,0
DA:3100,0
DA:3102,0
DA:3103,0
DA:3106,0
DA:3107,0
DA:3109,0
DA:3110,0
DA:3112,0
DA:3113,0
DA:3115,0
DA:3116,0
DA:3118,0
DA:3119,0
DA:3120,0
DA:3121,0
DA:3123,0
DA:3124,0
DA:3126,0
DA:3127,0
DA:3129,0
DA:3130,0
DA:3132,0
DA:3133,0
DA:3135,0
DA:3136,0
DA:3138,0
DA:3139,0
DA:3140,0
DA:3141,0
DA:3142,0
DA:3144,0
DA:3145,0
DA:3147,0
DA:3148,0
DA:3150,0
DA:3154,0
DA:3155,0
DA:3156,0
DA:3157,0
DA:3158,0
DA:3159,0
DA:3160,0
DA:3161,0
DA:3163,0
DA:3164,0
DA:3166,0
DA:3167,0
DA:3169,0
DA:3170,0
DA:3171,0
DA:3172,0
DA:3174,0
DA:3176,0
DA:3178,0
DA:3179,0
DA:3181,0
DA:3182,0
DA:3184,0
DA:3185,0
DA:3187,0
DA:3188,0
DA:3189,0
DA:3190,0
DA:3191,0
DA:3193,0
DA:3194,0
DA:3196,0
DA:3197,0
DA:3199,0
DA:3200,0
DA:3204,0
DA:3206,0
DA:3207,0
DA:3208,0
DA:3209,0
DA:3210,0
DA:3211,0
DA:3212,0
DA:3213,0
DA:3214,0
DA:3215,0
DA:3216,0
DA:3217,0
DA:3218,0
DA:3219,0
DA:3220,0
DA:3221,0
DA:3222,0
DA:3223,0
DA:3224,0
DA:3225,0
DA:3226,0
DA:3227,0
DA:3228,0
DA:3229,0
DA:3230,0
DA:3231,0
DA:3232,0
DA:3235,0
DA:3237,0
DA:3238,0
DA:3239,0
DA:3240,0
DA:3241,0
DA:3243,0
DA:3245,0
DA:3246,0
DA:3247,0
DA:3248,0
DA:3249,0
DA:3250,0
DA:3251,0
DA:3252,0
DA:3253,0
DA:3254,0
DA:3255,0
DA:3256,0
DA:3257,0
DA:3258,0
DA:3259,0
DA:3260,0
DA:3261,0
DA:3262,0
DA:3263,0
DA:3267,0
DA:3291,0
DA:3292,0
DA:3293,0
DA:3294,0
DA:3295,0
DA:3296,0
DA:3297,0
DA:3298,0
DA:3299,0
DA:3300,0
DA:3301,0
DA:3302,0
DA:3303,0
DA:3304,0
DA:3305,0
DA:3306,0
DA:3307,0
DA:3309,0
DA:3311,0
DA:3312,0
DA:3313,0
DA:3314,0
DA:3315,0
DA:3316,0
DA:3317,0
DA:3318,0
DA:3319,0
DA:3320,0
DA:3322,0
DA:3323,0
DA:3325,0
DA:3326,0
DA:3327,0
DA:3328,0
DA:3329,0
DA:3330,0
DA:3331,0
DA:3332,0
DA:3334,0
DA:3336,0
DA:3337,0
DA:3339,0
DA:3341,0
DA:3342,0
DA:3343,0
DA:3344,0
DA:3345,0
DA:3346,0
DA:3347,0
DA:3348,0
DA:3349,0
DA:3350,0
DA:3351,0
DA:3352,0
DA:3353,0
DA:3354,0
DA:3355,0
DA:3356,0
DA:3357,0
DA:3358,0
DA:3359,0
DA:3360,0
DA:3361,0
DA:3362,0
DA:3363,0
DA:3364,0
DA:3365,0
DA:3366,0
DA:3367,0
DA:3371,0
DA:3373,0
DA:3374,0
DA:3375,0
DA:3376,0
DA:3377,0
DA:3378,0
DA:3379,0
DA:3380,0
DA:3381,0
DA:3382,0
DA:3383,0
DA:3384,0
DA:3385,0
DA:3386,0
DA:3387,0
DA:3388,0
DA:3389,0
DA:3390,0
DA:3391,0
DA:3392,0
DA:3393,0
DA:3394,0
DA:3395,0
DA:3396,0
DA:3397,0
DA:3398,0
DA:3401,0
DA:3402,0
DA:3403,0
DA:3404,0
DA:3405,0
DA:3406,0
DA:3407,0
DA:3408,0
DA:3409,0
DA:3410,0
DA:3411,0
DA:3412,0
DA:3413,0
DA:3414,0
DA:3415,0
DA:3416,0
DA:3417,0
DA:3418,0
DA:3419,0
DA:3420,0
DA:3421,0
DA:3422,0
DA:3423,0
DA:3424,0
DA:3425,0
DA:3427,1
DA:3430,0
DA:3431,0
DA:3432,0
DA:3433,0
DA:3434,0
DA:3435,0
DA:3436,0
DA:3437,0
DA:3438,0
DA:3439,0
DA:3440,0
DA:3441,0
DA:3442,0
DA:3443,0
DA:3444,0
DA:3445,0
DA:3446,0
DA:3447,0
DA:3448,0
DA:3449,0
DA:3450,0
DA:3451,0
DA:3452,0
DA:3453,0
DA:3481,0
DA:3507,2
DA:3532,2
DA:3533,2
DA:3534,2
DA:3535,2
DA:3536,0
DA:3562,0
DA:3563,0
DA:3564,0
DA:3565,0
DA:3566,0
DA:3567,0
DA:3568,0
DA:3569,0
DA:3570,0
DA:3571,0
DA:3572,0
DA:3573,0
DA:3574,0
DA:3575,0
DA:3576,0
DA:3577,0
DA:3578,0
DA:3579,0
DA:3580,0
DA:3581,0
DA:3582,0
DA:3583,0
DA:3584,0
DA:3585,0
DA:3586,0
DA:3590,0
DA:3615,0
DA:3616,0
DA:3617,0
DA:3618,0
DA:3619,0
DA:3620,0
DA:3621,0
DA:3622,0
DA:3623,0
DA:3624,0
DA:3625,0
DA:3626,0
DA:3627,0
DA:3628,0
DA:3629,0
DA:3630,0
DA:3631,0
DA:3632,0
DA:3633,0
DA:3634,0
DA:3635,0
DA:3636,0
DA:3637,0
DA:3638,0
DA:3639,0
DA:3643,2
DA:3645,2
DA:3646,4
DA:3647,8
DA:3649,4
DA:3650,8
DA:3652,4
DA:3653,8
DA:3655,4
DA:3656,2
DA:3657,10
DA:3659,4
DA:3660,4
DA:3661,8
DA:3663,4
DA:3664,8
DA:3666,4
DA:3667,0
DA:3669,4
DA:3670,0
DA:3672,4
DA:3673,8
DA:3675,4
DA:3676,8
DA:3678,4
DA:3679,0
DA:3681,4
DA:3682,0
DA:3684,4
DA:3685,8
DA:3687,4
DA:3688,8
DA:3690,4
DA:3691,0
DA:3693,4
DA:3694,8
DA:3696,4
DA:3697,8
DA:3699,4
DA:3700,8
DA:3702,4
DA:3703,8
DA:3705,4
DA:3706,0
DA:3708,4
DA:3709,0
DA:3711,4
DA:3712,0
DA:3714,4
DA:3715,0
DA:3717,4
DA:3718,0
DA:3723,0
DA:3725,0
DA:3726,0
DA:3727,0
DA:3728,0
DA:3729,0
DA:3730,0
DA:3731,0
DA:3732,0
DA:3733,0
DA:3734,0
DA:3735,0
DA:3736,0
DA:3737,0
DA:3738,0
DA:3739,0
DA:3740,0
DA:3741,0
DA:3742,0
DA:3743,0
DA:3744,0
DA:3745,0
DA:3746,0
DA:3747,0
DA:3748,0
DA:3749,0
DA:3750,0
DA:3751,0
DA:3760,4
DA:3763,8
DA:3764,4
DA:3768,8
DA:3769,4
DA:3774,8
DA:3775,4
DA:3779,8
DA:3780,4
DA:3785,8
DA:3786,4
DA:3792,8
DA:3793,4
DA:3797,8
DA:3798,4
DA:3803,8
DA:3804,4
DA:3811,8
DA:3812,4
DA:3817,8
DA:3818,4
DA:3823,8
DA:3824,4
DA:3828,4
DA:3830,4
DA:3831,4
DA:3832,4
DA:3833,4
DA:3834,4
DA:3835,4
DA:3836,4
DA:3837,4
DA:3838,4
DA:3839,4
DA:3840,4
DA:3841,4
DA:3842,4
DA:3844,4
DA:3845,8
DA:3846,4
DA:3849,1
DA:3852,1
DA:3853,1
DA:3854,1
DA:3855,4
DA:3857,0
DA:3859,1
DA:3860,1
DA:3861,3
DA:3863,0
DA:3865,1
DA:3866,0
DA:3867,0
DA:3869,1
DA:3870,1
DA:3871,3
DA:3873,0
DA:3875,1
DA:3876,1
DA:3877,3
DA:3879,1
DA:3880,1
DA:3881,3
DA:3883,1
DA:3884,1
DA:3885,3
DA:3887,1
DA:3888,1
DA:3890,2
DA:3891,1
DA:3893,1
DA:3894,1
DA:3895,3
DA:3897,0
DA:3899,1
DA:3900,1
DA:3901,3
DA:3903,0
DA:3905,1
DA:3906,1
DA:3907,3
DA:3912,4
DA:3913,4
DA:3914,0
DA:3916,0
DA:3917,0
DA:3918,0
DA:3919,0
DA:3920,0
DA:3921,0
DA:3922,0
DA:3923,0
DA:3924,0
DA:3925,0
DA:3926,0
DA:3927,0
DA:3928,0
DA:3929,0
DA:3930,0
DA:3931,0
DA:3932,0
DA:3933,0
DA:3934,0
DA:3935,0
DA:3936,0
DA:3937,0
DA:3938,0
DA:3939,0
DA:3943,1
DA:3945,2
DA:3982,1
DA:3994,1
DA:3996,1
DA:3997,3
DA:3998,3
DA:3999,1
DA:4000,0
DA:4002,3
DA:4003,3
DA:4004,1
DA:4005,3
DA:4007,1
DA:4008,3
DA:4010,3
DA:4011,3
DA:4012,3
DA:4013,3
DA:4017,0
DA:4018,0
DA:4019,0
DA:4020,0
DA:4021,0
DA:4023,0
DA:4024,0
DA:4025,0
DA:4027,0
DA:4028,0
DA:4029,0
DA:4030,0
DA:4031,0
DA:4032,0
DA:4036,0
DA:4038,0
DA:4039,0
DA:4040,0
DA:4041,0
DA:4042,0
DA:4043,0
DA:4044,0
DA:4045,0
DA:4046,0
DA:4047,0
DA:4048,0
DA:4049,0
DA:4050,0
DA:4053,0
DA:4055,0
DA:4056,0
DA:4057,0
DA:4058,0
DA:4059,0
DA:4060,0
DA:4061,0
DA:4062,0
DA:4063,0
DA:4064,0
DA:4065,0
DA:4066,0
DA:4067,0
DA:4071,0
DA:4083,0
DA:4084,0
DA:4085,0
DA:4086,0
DA:4087,0
DA:4088,0
DA:4089,0
DA:4090,0
DA:4091,0
DA:4092,0
DA:4093,0
DA:4094,0
DA:4096,0
DA:4097,0
DA:4098,0
DA:4099,0
DA:4100,0
DA:4101,0
DA:4102,0
DA:4103,0
DA:4104,0
DA:4106,0
DA:4107,0
DA:4108,0
DA:4109,0
DA:4113,0
DA:4115,0
DA:4116,0
DA:4117,0
DA:4118,0
DA:4119,0
DA:4120,0
DA:4121,0
DA:4122,0
DA:4123,0
DA:4124,0
DA:4125,0
DA:4126,0
DA:4127,0
DA:4128,0
DA:4131,0
DA:4132,0
DA:4133,0
DA:4134,0
DA:4137,0
DA:4138,0
DA:4139,0
DA:4140,0
DA:4141,0
DA:4142,0
DA:4143,0
DA:4144,0
DA:4145,0
DA:4146,0
DA:4147,0
DA:4148,0
DA:4164,0
DA:4178,0
DA:4191,0
DA:4192,0
DA:4193,0
DA:4194,0
DA:4195,0
DA:4196,0
DA:4210,0
DA:4211,0
DA:4212,0
DA:4213,0
DA:4214,0
DA:4215,0
DA:4216,0
DA:4217,0
DA:4218,0
DA:4219,0
DA:4220,0
DA:4221,0
DA:4222,0
DA:4226,0
DA:4239,0
DA:4240,0
DA:4241,0
DA:4242,0
DA:4243,0
DA:4244,0
DA:4245,0
DA:4246,0
DA:4247,0
DA:4248,0
DA:4249,0
DA:4250,0
DA:4251,0
DA:4255,0
DA:4257,0
DA:4258,0
DA:4259,0
DA:4261,0
DA:4262,0
DA:4264,0
DA:4265,0
DA:4267,0
DA:4268,0
DA:4270,0
DA:4271,0
DA:4273,0
DA:4274,0
DA:4276,0
DA:4277,0
DA:4279,0
DA:4280,0
DA:4282,0
DA:4283,0
DA:4285,0
DA:4286,0
DA:4288,0
DA:4289,0
DA:4291,0
DA:4292,0
DA:4297,0
DA:4299,0
DA:4300,0
DA:4301,0
DA:4302,0
DA:4303,0
DA:4304,0
DA:4305,0
DA:4306,0
DA:4307,0
DA:4308,0
DA:4309,0
DA:4310,0
DA:4311,0
DA:4312,0
DA:4313,0
DA:4322,4
DA:4325,8
DA:4326,4
DA:4331,8
DA:4332,4
DA:4337,8
DA:4338,4
DA:4340,4
DA:4341,16
DA:4342,4
DA:4343,8
DA:4344,4
DA:4347,1
DA:4350,1
DA:4351,1
DA:4352,1
DA:4353,1
DA:4354,3
DA:4356,0
DA:4358,1
DA:4359,1
DA:4360,3
DA:4362,0
DA:4364,1
DA:4365,1
DA:4366,3
DA:4368,0
DA:4373,4
DA:4374,4
DA:4375,1
DA:4377,0
DA:4378,1
DA:4379,2
DA:4380,3
DA:4381,2
DA:4382,3
DA:4383,2
DA:4384,3
DA:4388,1
DA:4390,2
DA:4403,1
DA:4405,0
DA:4407,0
DA:4408,0
DA:4409,0
DA:4410,0
DA:4414,0
DA:4415,0
DA:4416,0
DA:4417,0
DA:4418,0
DA:4422,0
DA:4424,0
DA:4425,0
DA:4426,0
DA:4427,0
DA:4428,0
DA:4431,0
DA:4433,0
DA:4434,0
DA:4435,0
DA:4436,0
DA:4437,0
DA:4441,0
DA:4442,0
DA:4443,0
DA:4444,0
DA:4445,0
DA:4447,0
DA:4448,0
DA:4449,0
DA:4450,0
DA:4451,0
DA:4455,0
DA:4457,0
DA:4458,0
DA:4459,0
DA:4460,0
DA:4461,0
DA:4462,0
DA:4465,0
DA:4466,0
DA:4467,0
DA:4470,0
DA:4471,0
DA:4472,0
DA:4473,0
DA:4481,0
DA:4487,1
DA:4492,1
DA:4493,1
DA:4494,1
DA:4495,0
DA:4501,0
DA:4502,0
DA:4503,0
DA:4504,0
DA:4505,0
DA:4509,0
DA:4514,0
DA:4515,0
DA:4516,0
DA:4517,0
DA:4518,0
DA:4522,1
DA:4524,1
DA:4525,2
DA:4526,4
DA:4528,2
DA:4529,4
DA:4531,2
DA:4532,4
DA:4534,2
DA:4535,0
DA:4540,0
DA:4542,0
DA:4543,0
DA:4544,0
DA:4545,0
DA:4546,0
DA:4547,0
DA:4548,0
DA:4557,4
DA:4560,8
DA:4561,4
DA:4565,8
DA:4566,4
DA:4570,8
DA:4571,4
DA:4576,8
DA:4577,4
DA:4584,8
DA:4585,4
DA:4590,8
DA:4591,4
DA:4597,8
DA:4598,4
DA:4602,8
DA:4603,4
DA:4608,8
DA:4609,4
DA:4613,4
DA:4618,8
DA:4619,4
DA:4624,8
DA:4625,4
DA:4630,8
DA:4631,4
DA:4635,4
DA:4636,4
DA:4637,4
DA:4638,4
DA:4639,4
DA:4640,4
DA:4641,4
DA:4642,4
DA:4643,4
DA:4644,4
DA:4645,4
DA:4646,4
DA:4647,4
DA:4648,4
DA:4650,4
DA:4651,8
DA:4652,4
DA:4655,0
DA:4658,0
DA:4659,0
DA:4660,0
DA:4661,0
DA:4663,0
DA:4665,0
DA:4666,0
DA:4667,0
DA:4669,0
DA:4671,0
DA:4672,0
DA:4673,0
DA:4675,0
DA:4677,0
DA:4678,0
DA:4680,0
DA:4681,0
DA:4683,0
DA:4684,0
DA:4686,0
DA:4687,0
DA:4689,0
DA:4690,0
DA:4691,0
DA:4693,0
DA:4694,0
DA:4695,0
DA:4697,0
DA:4698,0
DA:4699,0
DA:4701,0
DA:4702,0
DA:4703,0
DA:4705,0
DA:4706,0
DA:4707,0
DA:4709,0
DA:4711,0
DA:4712,0
DA:4714,0
DA:4715,0
DA:4717,0
DA:4718,0
DA:4720,0
DA:4721,0
DA:4726,4
DA:4727,4
DA:4728,0
DA:4730,0
DA:4731,0
DA:4732,0
DA:4733,0
DA:4734,0
DA:4735,0
DA:4736,0
DA:4737,0
DA:4738,0
DA:4739,0
DA:4740,0
DA:4741,0
DA:4742,0
DA:4743,0
DA:4744,0
DA:4745,0
DA:4746,0
DA:4747,0
DA:4748,0
DA:4749,0
DA:4750,0
DA:4751,0
DA:4752,0
DA:4753,0
DA:4754,0
DA:4755,0
DA:4759,0
DA:4761,0
DA:4801,0
DA:4814,0
DA:4816,0
DA:4817,0
DA:4818,0
DA:4819,0
DA:4820,0
DA:4821,0
DA:4822,0
DA:4824,0
DA:4825,0
DA:4826,0
DA:4828,0
DA:4829,0
DA:4831,0
DA:4832,0
DA:4833,0
DA:4834,0
DA:4836,0
DA:4840,0
DA:4841,0
DA:4842,0
DA:4843,0
DA:4844,0
DA:4845,0
DA:4846,0
DA:4848,0
DA:4849,0
DA:4851,0
DA:4852,0
DA:4853,0
DA:4854,0
DA:4855,0
DA:4857,0
DA:4858,0
DA:4862,0
DA:4864,0
DA:4865,0
DA:4866,0
DA:4867,0
DA:4868,0
DA:4869,0
DA:4870,0
DA:4871,0
DA:4872,0
DA:4873,0
DA:4874,0
DA:4875,0
DA:4876,0
DA:4877,0
DA:4880,0
DA:4882,0
DA:4883,0
DA:4884,0
DA:4885,0
DA:4886,0
DA:4887,0
DA:4888,0
DA:4889,0
DA:4890,0
DA:4891,0
DA:4892,0
DA:4893,0
DA:4894,0
DA:4895,0
DA:4899,0
DA:4912,0
DA:4913,0
DA:4914,0
DA:4915,0
DA:4916,0
DA:4917,0
DA:4918,0
DA:4919,0
DA:4920,0
DA:4921,0
DA:4922,0
DA:4923,0
DA:4924,0
DA:4926,0
DA:4927,0
DA:4928,0
DA:4929,0
DA:4930,0
DA:4932,0
DA:4934,0
DA:4935,0
DA:4936,0
DA:4937,0
DA:4938,0
DA:4939,0
DA:4941,0
DA:4943,0
DA:4947,0
DA:4949,0
DA:4950,0
DA:4951,0
DA:4952,0
DA:4953,0
DA:4954,0
DA:4955,0
DA:4956,0
DA:4957,0
DA:4958,0
DA:4959,0
DA:4960,0
DA:4961,0
DA:4962,0
DA:4963,0
DA:4966,0
DA:4967,0
DA:4968,0
DA:4969,0
DA:4972,0
DA:4973,0
DA:4974,0
DA:4975,0
DA:4976,0
DA:4977,0
DA:4978,0
DA:4979,0
DA:4980,0
DA:4981,0
DA:4982,0
DA:4983,0
DA:4984,0
DA:5001,0
DA:5016,0
DA:5030,0
DA:5031,0
DA:5032,0
DA:5033,0
DA:5034,0
DA:5049,0
DA:5050,0
DA:5051,0
DA:5052,0
DA:5053,0
DA:5054,0
DA:5055,0
DA:5056,0
DA:5057,0
DA:5058,0
DA:5059,0
DA:5060,0
DA:5061,0
DA:5062,0
DA:5066,0
DA:5080,0
DA:5081,0
DA:5082,0
DA:5083,0
DA:5084,0
DA:5085,0
DA:5086,0
DA:5087,0
DA:5088,0
DA:5089,0
DA:5090,0
DA:5091,0
DA:5092,0
DA:5093,0
DA:5097,0
DA:5099,0
DA:5100,0
DA:5101,0
DA:5103,0
DA:5104,0
DA:5106,0
DA:5107,0
DA:5109,0
DA:5110,0
DA:5112,0
DA:5113,0
DA:5115,0
DA:5116,0
DA:5118,0
DA:5119,0
DA:5121,0
DA:5122,0
DA:5124,0
DA:5125,0
DA:5127,0
DA:5128,0
DA:5130,0
DA:5131,0
DA:5133,0
DA:5134,0
DA:5136,0
DA:5137,0
DA:5142,0
DA:5144,0
DA:5145,0
DA:5146,0
DA:5147,0
DA:5148,0
DA:5149,0
DA:5150,0
DA:5151,0
DA:5152,0
DA:5153,0
DA:5154,0
DA:5155,0
DA:5156,0
DA:5157,0
DA:5158,0
DA:5159,0
DA:5168,4
DA:5171,8
DA:5172,4
DA:5176,8
DA:5177,4
DA:5181,8
DA:5182,4
DA:5186,8
DA:5187,4
DA:5194,8
DA:5195,4
DA:5199,4
DA:5204,8
DA:5205,4
DA:5210,8
DA:5211,4
DA:5215,8
DA:5216,4
DA:5221,8
DA:5222,4
DA:5229,8
DA:5230,4
DA:5235,8
DA:5236,4
DA:5241,8
DA:5242,4
DA:5244,4
DA:5245,4
DA:5246,4
DA:5247,4
DA:5248,4
DA:5249,4
DA:5250,4
DA:5251,4
DA:5252,4
DA:5253,4
DA:5254,4
DA:5255,4
DA:5256,4
DA:5257,4
DA:5259,4
DA:5260,8
DA:5261,4
DA:5264,0
DA:5267,0
DA:5268,0
DA:5269,0
DA:5270,0
DA:5272,0
DA:5274,0
DA:5275,0
DA:5276,0
DA:5278,0
DA:5280,0
DA:5281,0
DA:5282,0
DA:5284,0
DA:5286,0
DA:5287,0
DA:5288,0
DA:5290,0
DA:5291,0
DA:5292,0
DA:5294,0
DA:5295,0
DA:5296,0
DA:5298,0
DA:5300,0
DA:5301,0
DA:5303,0
DA:5304,0
DA:5306,0
DA:5308,0
DA:5309,0
DA:5310,0
DA:5312,0
DA:5314,0
DA:5315,0
DA:5316,0
DA:5318,0
DA:5319,0
DA:5320,0
DA:5322,0
DA:5323,0
DA:5324,0
DA:5326,0
DA:5328,0
DA:5329,0
DA:5330,0
DA:5332,0
DA:5337,4
DA:5338,4
DA:5339,0
DA:5341,0
DA:5342,0
DA:5343,0
DA:5344,0
DA:5345,0
DA:5346,0
DA:5347,0
DA:5348,0
DA:5349,0
DA:5350,0
DA:5351,0
DA:5352,0
DA:5353,0
DA:5354,0
DA:5355,0
DA:5356,0
DA:5357,0
DA:5358,0
DA:5359,0
DA:5360,0
DA:5361,0
DA:5362,0
DA:5363,0
DA:5364,0
DA:5365,0
DA:5366,0
DA:5370,0
DA:5372,0
DA:5412,0
DA:5425,0
DA:5427,0
DA:5428,0
DA:5429,0
DA:5430,0
DA:5431,0
DA:5432,0
DA:5433,0
DA:5434,0
DA:5435,0
DA:5436,0
DA:5437,0
DA:5438,0
DA:5440,0
DA:5441,0
DA:5445,0
DA:5446,0
DA:5447,0
DA:5448,0
DA:5449,0
DA:5450,0
DA:5451,0
DA:5452,0
DA:5453,0
DA:5454,0
DA:5455,0
DA:5456,0
DA:5458,0
DA:5459,0
DA:5460,0
DA:5464,0
DA:5466,0
DA:5467,0
DA:5468,0
DA:5469,0
DA:5470,0
DA:5471,0
DA:5472,0
DA:5473,0
DA:5474,0
DA:5475,0
DA:5476,0
DA:5477,0
DA:5478,0
DA:5479,0
DA:5482,0
DA:5484,0
DA:5485,0
DA:5486,0
DA:5487,0
DA:5488,0
DA:5489,0
DA:5490,0
DA:5491,0
DA:5492,0
DA:5493,0
DA:5494,0
DA:5495,0
DA:5496,0
DA:5497,0
DA:5501,0
DA:5514,0
DA:5515,0
DA:5516,0
DA:5517,0
DA:5518,0
DA:5519,0
DA:5520,0
DA:5521,0
DA:5522,0
DA:5523,0
DA:5524,0
DA:5525,0
DA:5526,0
DA:5528,0
DA:5529,0
DA:5530,0
DA:5531,0
DA:5532,0
DA:5533,0
DA:5534,0
DA:5535,0
DA:5537,0
DA:5538,0
DA:5539,0
DA:5540,0
DA:5541,0
DA:5542,0
DA:5546,0
DA:5548,0
DA:5549,0
DA:5550,0
DA:5551,0
DA:5552,0
DA:5553,0
DA:5554,0
DA:5555,0
DA:5556,0
DA:5557,0
DA:5558,0
DA:5559,0
DA:5560,0
DA:5561,0
DA:5562,0
DA:5565,0
DA:5566,0
DA:5567,0
DA:5568,0
DA:5571,0
DA:5572,0
DA:5573,0
DA:5574,0
DA:5575,0
DA:5576,0
DA:5577,0
DA:5578,0
DA:5579,0
DA:5580,0
DA:5581,0
DA:5582,0
DA:5583,0
DA:5600,0
DA:5615,0
DA:5629,0
DA:5630,0
DA:5631,0
DA:5632,0
DA:5633,0
DA:5634,0
DA:5635,0
DA:5636,0
DA:5637,0
DA:5652,0
DA:5653,0
DA:5654,0
DA:5655,0
DA:5656,0
DA:5657,0
DA:5658,0
DA:5659,0
DA:5660,0
DA:5661,0
DA:5662,0
DA:5663,0
DA:5664,0
DA:5665,0
DA:5669,0
DA:5683,0
DA:5684,0
DA:5685,0
DA:5686,0
DA:5687,0
DA:5688,0
DA:5689,0
DA:5690,0
DA:5691,0
DA:5692,0
DA:5693,0
DA:5694,0
DA:5695,0
DA:5696,0
DA:5700,0
DA:5702,0
DA:5703,0
DA:5704,0
DA:5706,0
DA:5707,0
DA:5709,0
DA:5710,0
DA:5712,0
DA:5713,0
DA:5715,0
DA:5716,0
DA:5718,0
DA:5719,0
DA:5721,0
DA:5722,0
DA:5724,0
DA:5725,0
DA:5727,0
DA:5728,0
DA:5730,0
DA:5731,0
DA:5733,0
DA:5734,0
DA:5736,0
DA:5737,0
DA:5739,0
DA:5740,0
DA:5745,0
DA:5747,0
DA:5748,0
DA:5749,0
DA:5750,0
DA:5751,0
DA:5752,0
DA:5753,0
DA:5754,0
DA:5755,0
DA:5756,0
DA:5757,0
DA:5758,0
DA:5759,0
DA:5760,0
DA:5761,0
DA:5762,0
DA:5771,4
DA:5774,8
DA:5775,4
DA:5779,8
DA:5780,4
DA:5785,8
DA:5786,4
DA:5791,8
DA:5792,4
DA:5796,8
DA:5797,4
DA:5801,8
DA:5802,4
DA:5807,8
DA:5808,4
DA:5813,8
DA:5814,4
DA:5819,8
DA:5820,4
DA:5827,8
DA:5828,4
DA:5835,8
DA:5836,4
DA:5840,4
DA:5842,4
DA:5843,4
DA:5844,4
DA:5845,4
DA:5846,4
DA:5847,4
DA:5848,4
DA:5849,4
DA:5850,4
DA:5851,4
DA:5852,4
DA:5853,4
DA:5854,4
DA:5856,4
DA:5857,8
DA:5858,4
DA:5861,0
DA:5864,0
DA:5865,0
DA:5866,0
DA:5867,0
DA:5869,0
DA:5871,0
DA:5872,0
DA:5873,0
DA:5875,0
DA:5877,0
DA:5878,0
DA:5879,0
DA:5881,0
DA:5883,0
DA:5884,0
DA:5885,0
DA:5887,0
DA:5889,0
DA:5890,0
DA:5891,0
DA:5893,0
DA:5895,0
DA:5896,0
DA:5897,0
DA:5899,0
DA:5900,0
DA:5901,0
DA:5903,0
DA:5904,0
DA:5906,0
DA:5907,0
DA:5909,0
DA:5911,0
DA:5912,0
DA:5913,0
DA:5915,0
DA:5916,0
DA:5917,0
DA:5919,0
DA:5920,0
DA:5921,0
DA:5926,4
DA:5927,4
DA:5928,0
DA:5930,0
DA:5931,0
DA:5932,0
DA:5933,0
DA:5934,0
DA:5935,0
DA:5936,0
DA:5937,0
DA:5938,0
DA:5939,0
DA:5940,0
DA:5941,0
DA:5942,0
DA:5943,0
DA:5944,0
DA:5945,0
DA:5946,0
DA:5947,0
DA:5948,0
DA:5949,0
DA:5950,0
DA:5951,0
DA:5952,0
DA:5953,0
DA:5957,0
DA:5959,0
DA:5996,0
DA:6008,0
DA:6010,0
DA:6011,0
DA:6012,0
DA:6013,0
DA:6014,0
DA:6015,0
DA:6016,0
DA:6017,0
DA:6019,0
DA:6020,0
DA:6022,0
DA:6023,0
DA:6024,0
DA:6025,0
DA:6029,0
DA:6030,0
DA:6031,0
DA:6032,0
DA:6033,0
DA:6034,0
DA:6035,0
DA:6036,0
DA:6037,0
DA:6039,0
DA:6040,0
DA:6041,0
DA:6042,0
DA:6043,0
DA:6047,0
DA:6049,0
DA:6050,0
DA:6051,0
DA:6052,0
DA:6053,0
DA:6054,0
DA:6055,0
DA:6056,0
DA:6057,0
DA:6058,0
DA:6059,0
DA:6060,0
DA:6061,0
DA:6064,0
DA:6066,0
DA:6067,0
DA:6068,0
DA:6069,0
DA:6070,0
DA:6071,0
DA:6072,0
DA:6073,0
DA:6074,0
DA:6075,0
DA:6076,0
DA:6077,0
DA:6078,0
DA:6082,0
DA:6094,0
DA:6095,0
DA:6096,0
DA:6097,0
DA:6098,0
DA:6099,0
DA:6100,0
DA:6101,0
DA:6102,0
DA:6103,0
DA:6104,0
DA:6105,0
DA:6107,0
DA:6108,0
DA:6109,0
DA:6110,0
DA:6111,0
DA:6112,0
DA:6113,0
DA:6114,0
DA:6115,0
DA:6117,0
DA:6118,0
DA:6119,0
DA:6120,0
DA:6124,0
DA:6126,0
DA:6127,0
DA:6128,0
DA:6129,0
DA:6130,0
DA:6131,0
DA:6132,0
DA:6133,0
DA:6134,0
DA:6135,0
DA:6136,0
DA:6137,0
DA:6138,0
DA:6139,0
DA:6142,0
DA:6143,0
DA:6144,0
DA:6145,0
DA:6148,0
DA:6149,0
DA:6150,0
DA:6151,0
DA:6152,0
DA:6153,0
DA:6154,0
DA:6155,0
DA:6156,0
DA:6157,0
DA:6158,0
DA:6159,0
DA:6175,0
DA:6189,0
DA:6202,0
DA:6203,0
DA:6204,0
DA:6205,0
DA:6206,0
DA:6207,0
DA:6208,0
DA:6222,0
DA:6223,0
DA:6224,0
DA:6225,0
DA:6226,0
DA:6227,0
DA:6228,0
DA:6229,0
DA:6230,0
DA:6231,0
DA:6232,0
DA:6233,0
DA:6234,0
DA:6238,0
DA:6251,0
DA:6252,0
DA:6253,0
DA:6254,0
DA:6255,0
DA:6256,0
DA:6257,0
DA:6258,0
DA:6259,0
DA:6260,0
DA:6261,0
DA:6262,0
DA:6263,0
DA:6267,0
DA:6269,0
DA:6270,0
DA:6271,0
DA:6273,0
DA:6274,0
DA:6276,0
DA:6277,0
DA:6279,0
DA:6280,0
DA:6282,0
DA:6283,0
DA:6285,0
DA:6286,0
DA:6288,0
DA:6289,0
DA:6291,0
DA:6292,0
DA:6294,0
DA:6295,0
DA:6297,0
DA:6298,0
DA:6300,0
DA:6301,0
DA:6303,0
DA:6304,0
DA:6309,0
DA:6311,0
DA:6312,0
DA:6313,0
DA:6314,0
DA:6315,0
DA:6316,0
DA:6317,0
DA:6318,0
DA:6319,0
DA:6320,0
DA:6321,0
DA:6322,0
DA:6323,0
DA:6324,0
DA:6325,0
DA:6334,4
DA:6337,8
DA:6338,4
DA:6342,8
DA:6343,4
DA:6348,8
DA:6349,4
DA:6354,8
DA:6355,4
DA:6360,8
DA:6361,4
DA:6368,8
DA:6369,4
DA:6372,4
DA:6377,8
DA:6378,4
DA:6383,8
DA:6384,4
DA:6391,8
DA:6392,4
DA:6396,4
DA:6398,4
DA:6399,4
DA:6400,4
DA:6401,4
DA:6402,4
DA:6403,4
DA:6404,4
DA:6405,4
DA:6406,4
DA:6407,4
DA:6408,4
DA:6410,4
DA:6411,8
DA:6412,4
DA:6415,0
DA:6418,0
DA:6419,0
DA:6420,0
DA:6421,0
DA:6423,0
DA:6425,0
DA:6426,0
DA:6427,0
DA:6429,0
DA:6431,0
DA:6432,0
DA:6434,0
DA:6435,0
DA:6437,0
DA:6439,0
DA:6440,0
DA:6441,0
DA:6443,0
DA:6445,0
DA:6446,0
DA:6447,0
DA:6449,0
DA:6450,0
DA:6452,0
DA:6453,0
DA:6455,0
DA:6456,0
DA:6457,0
DA:6459,0
DA:6460,0
DA:6461,0
DA:6463,0
DA:6464,0
DA:6465,0
DA:6470,4
DA:6471,4
DA:6472,0
DA:6474,0
DA:6475,0
DA:6476,0
DA:6477,0
DA:6478,0
DA:6479,0
DA:6480,0
DA:6481,0
DA:6482,0
DA:6483,0
DA:6484,0
DA:6485,0
DA:6486,0
DA:6487,0
DA:6488,0
DA:6489,0
DA:6490,0
DA:6491,0
DA:6492,0
DA:6493,0
DA:6497,0
DA:6499,0
DA:6530,0
DA:6540,0
DA:6542,0
DA:6543,0
DA:6544,0
DA:6545,0
DA:6546,0
DA:6547,0
DA:6548,0
DA:6549,0
DA:6550,0
DA:6552,0
DA:6553,0
DA:6557,0
DA:6558,0
DA:6559,0
DA:6560,0
DA:6561,0
DA:6562,0
DA:6563,0
DA:6564,0
DA:6566,0
DA:6567,0
DA:6568,0
DA:6572,0
DA:6574,0
DA:6575,0
DA:6576,0
DA:6577,0
DA:6578,0
DA:6579,0
DA:6580,0
DA:6581,0
DA:6582,0
DA:6583,0
DA:6584,0
DA:6587,0
DA:6589,0
DA:6590,0
DA:6591,0
DA:6592,0
DA:6593,0
DA:6594,0
DA:6595,0
DA:6596,0
DA:6597,0
DA:6598,0
DA:6599,0
DA:6603,0
DA:6613,0
DA:6614,0
DA:6615,0
DA:6616,0
DA:6617,0
DA:6618,0
DA:6619,0
DA:6620,0
DA:6621,0
DA:6622,0
DA:6624,0
DA:6625,0
DA:6626,0
DA:6627,0
DA:6629,0
DA:6630,0
DA:6631,0
DA:6633,0
DA:6634,0
DA:6635,0
DA:6636,0
DA:6640,0
DA:6642,0
DA:6643,0
DA:6644,0
DA:6645,0
DA:6646,0
DA:6647,0
DA:6648,0
DA:6649,0
DA:6650,0
DA:6651,0
DA:6652,0
DA:6653,0
DA:6656,0
DA:6657,0
DA:6658,0
DA:6659,0
DA:6662,0
DA:6663,0
DA:6664,0
DA:6665,0
DA:6666,0
DA:6667,0
DA:6668,0
DA:6669,0
DA:6670,0
DA:6671,0
DA:6685,0
DA:6697,0
DA:6708,0
DA:6709,0
DA:6710,0
DA:6711,0
DA:6712,0
DA:6724,0
DA:6725,0
DA:6726,0
DA:6727,0
DA:6728,0
DA:6729,0
DA:6730,0
DA:6731,0
DA:6732,0
DA:6733,0
DA:6734,0
DA:6738,0
DA:6749,0
DA:6750,0
DA:6751,0
DA:6752,0
DA:6753,0
DA:6754,0
DA:6755,0
DA:6756,0
DA:6757,0
DA:6758,0
DA:6759,0
DA:6763,0
DA:6765,0
DA:6766,0
DA:6767,0
DA:6769,0
DA:6770,0
DA:6772,0
DA:6773,0
DA:6775,0
DA:6776,0
DA:6778,0
DA:6779,0
DA:6781,0
DA:6782,0
DA:6784,0
DA:6785,0
DA:6787,0
DA:6788,0
DA:6790,0
DA:6791,0
DA:6793,0
DA:6794,0
DA:6799,0
DA:6801,0
DA:6802,0
DA:6803,0
DA:6804,0
DA:6805,0
DA:6806,0
DA:6807,0
DA:6808,0
DA:6809,0
DA:6810,0
DA:6811,0
DA:6812,0
DA:6813,0
DA:6818,26
DA:6819,0
DA:6820,10
DA:6821,8
DA:6822,8
DA:6823,8
DA:6824,8
DA:6825,12
DA:6826,8
DA:6827,8
DA:6828,8
DA:6829,8
DA:6830,4
DA:6831,4
DA:6832,4
DA:6833,4
DA:6834,0
DA:6836,0
DA:6837,4
DA:6838,4
DA:6839,4
DA:6840,4
DA:6841,4
DA:6842,4
DA:6843,4
DA:6844,4
DA:6845,4
DA:6846,4
DA:6847,4
DA:6848,4
DA:6849,4
DA:6850,4
DA:6897,0
DA:6904,0
DA:6905,0
DA:6907,0
DA:6908,0
DA:6910,0
DA:6911,0
DA:6913,0
DA:6914,0
DA:6916,0
DA:6917,0
DA:6919,0
DA:6920,0
DA:6922,0
DA:6923,0
DA:6924,0
DA:6926,0
DA:6927,0
DA:6929,0
DA:6930,0
DA:6931,0
DA:6932,0
DA:6934,0
DA:6935,0
DA:6937,0
DA:6938,0
DA:6940,0
DA:6941,0
DA:6942,0
DA:6944,0
DA:6945,0
DA:6947,0
DA:6948,0
DA:6949,0
DA:6951,0
DA:6952,0
DA:6954,0
DA:6955,0
DA:6956,0
DA:6958,0
DA:6959,0
DA:6960,0
DA:6965,0
DA:6972,0
DA:6973,0
DA:6975,0
DA:6976,0
DA:6978,0
DA:6979,0
DA:6981,0
DA:6982,0
DA:6984,0
DA:6985,0
DA:6987,0
DA:6988,0
DA:6990,0
DA:6991,0
DA:6992,0
DA:6994,0
DA:6995,0
DA:6997,0
DA:6998,0
DA:7000,0
DA:7001,0
DA:7003,0
DA:7004,0
DA:7006,0
DA:7007,0
DA:7008,0
DA:7010,0
DA:7011,0
DA:7013,0
DA:7014,0
DA:7015,0
DA:7017,0
DA:7018,0
DA:7019,0
DA:7021,0
DA:7022,0
DA:7023,0
DA:7025,0
DA:7026,0
DA:7027,0
DA:7032,0
DA:7039,0
DA:7040,0
DA:7042,0
DA:7043,0
DA:7045,0
DA:7046,0
DA:7048,0
DA:7049,0
DA:7051,0
DA:7052,0
DA:7054,0
DA:7055,0
DA:7057,0
DA:7058,0
DA:7060,0
DA:7061,0
DA:7063,0
DA:7064,0
DA:7066,0
DA:7067,0
DA:7069,0
DA:7070,0
DA:7072,0
DA:7073,0
DA:7075,0
DA:7076,0
DA:7078,0
DA:7079,0
DA:7081,0
DA:7082,0
DA:7084,0
DA:7085,0
DA:7087,0
DA:7088,0
DA:7103,0
DA:7104,0
DA:7107,0
DA:7108,0
DA:7109,0
DA:7110,0
DA:7111,0
DA:7112,0
DA:7113,0
DA:7133,0
DA:7153,0
DA:7173,0
DA:7193,0
DA:7194,0
DA:7195,0
DA:7229,0
DA:7236,0
DA:7237,0
DA:7239,0
DA:7240,0
DA:7242,0
DA:7243,0
DA:7245,0
DA:7246,0
DA:7248,0
DA:7249,0
DA:7254,0
DA:7261,0
DA:7262,0
DA:7264,0
DA:7265,0
DA:7267,0
DA:7268,0
DA:7270,0
DA:7271,0
DA:7273,0
DA:7274,0
DA:7279,0
DA:7286,0
DA:7287,0
DA:7289,0
DA:7290,0
DA:7292,0
DA:7293,0
DA:7295,0
DA:7296,0
DA:7298,0
DA:7299,0
DA:7314,0
DA:7315,0
DA:7318,0
DA:7319,0
DA:7320,0
DA:7321,0
DA:7322,0
DA:7323,0
DA:7324,0
DA:7331,0
DA:7338,0
DA:7345,0
DA:7352,0
DA:7353,0
DA:7354,0
DA:7383,0
DA:7390,0
DA:7391,0
DA:7393,0
DA:7394,0
DA:7399,0
DA:7406,0
DA:7407,0
DA:7409,0
DA:7410,0
DA:7415,0
DA:7422,0
DA:7423,0
DA:7425,0
DA:7426,0
DA:7441,0
DA:7442,0
DA:7445,0
DA:7446,0
DA:7447,0
DA:7448,0
DA:7449,0
DA:7450,0
DA:7451,0
DA:7456,0
DA:7461,0
DA:7466,0
DA:7471,0
DA:7472,0
DA:7473,0
DA:7505,0
DA:7512,0
DA:7513,0
DA:7515,0
DA:7516,0
DA:7518,0
DA:7519,0
DA:7524,0
DA:7531,0
DA:7532,0
DA:7534,0
DA:7535,0
DA:7537,0
DA:7538,0
DA:7543,0
DA:7550,0
DA:7551,0
DA:7553,0
DA:7554,0
DA:7556,0
DA:7557,0
DA:7572,0
DA:7573,0
DA:7576,0
DA:7577,0
DA:7578,0
DA:7579,0
DA:7580,0
DA:7581,0
DA:7582,0
DA:7588,0
DA:7594,0
DA:7600,0
DA:7606,0
DA:7607,0
DA:7608,0
DA:7680,0
DA:7687,0
DA:7688,0
DA:7690,0
DA:7691,0
DA:7693,0
DA:7694,0
DA:7696,0
DA:7697,0
DA:7699,0
DA:7700,0
DA:7701,0
DA:7702,0
DA:7704,0
DA:7705,0
DA:7707,0
DA:7708,0
DA:7710,0
DA:7711,0
DA:7713,0
DA:7714,0
DA:7716,0
DA:7717,0
DA:7719,0
DA:7720,0
DA:7722,0
DA:7723,0
DA:7724,0
DA:7725,0
DA:7727,0
DA:7728,0
DA:7729,0
DA:7731,0
DA:7732,0
DA:7733,0
DA:7735,0
DA:7736,0
DA:7738,0
DA:7739,0
DA:7741,0
DA:7742,0
DA:7743,0
DA:7745,0
DA:7746,0
DA:7747,0
DA:7749,0
DA:7750,0
DA:7751,0
DA:7753,0
DA:7754,0
DA:7756,0
DA:7757,0
DA:7759,0
DA:7760,0
DA:7762,0
DA:7763,0
DA:7768,0
DA:7775,0
DA:7776,0
DA:7778,0
DA:7779,0
DA:7781,0
DA:7782,0
DA:7784,0
DA:7785,0
DA:7787,0
DA:7788,0
DA:7790,0
DA:7791,0
DA:7793,0
DA:7794,0
DA:7796,0
DA:7797,0
DA:7799,0
DA:7800,0
DA:7802,0
DA:7803,0
DA:7805,0
DA:7806,0
DA:7807,0
DA:7809,0
DA:7810,0
DA:7811,0
DA:7813,0
DA:7814,0
DA:7815,0
DA:7817,0
DA:7818,0
DA:7819,0
DA:7821,0
DA:7822,0
DA:7823,0
DA:7825,0
DA:7826,0
DA:7828,0
DA:7829,0
DA:7830,0
DA:7832,0
DA:7833,0
DA:7834,0
DA:7836,0
DA:7837,0
DA:7838,0
DA:7840,0
DA:7841,0
DA:7843,0
DA:7844,0
DA:7846,0
DA:7847,0
DA:7848,0
DA:7850,0
DA:7851,0
DA:7852,0
DA:7857,0
DA:7864,0
DA:7865,0
DA:7867,0
DA:7868,0
DA:7870,0
DA:7871,0
DA:7873,0
DA:7874,0
DA:7876,0
DA:7877,0
DA:7879,0
DA:7880,0
DA:7882,0
DA:7883,0
DA:7885,0
DA:7886,0
DA:7888,0
DA:7889,0
DA:7891,0
DA:7892,0
DA:7894,0
DA:7895,0
DA:7897,0
DA:7898,0
DA:7899,0
DA:7901,0
DA:7902,0
DA:7904,0
DA:7905,0
DA:7907,0
DA:7908,0
DA:7910,0
DA:7911,0
DA:7913,0
DA:7914,0
DA:7916,0
DA:7917,0
DA:7919,0
DA:7920,0
DA:7922,0
DA:7923,0
DA:7925,0
DA:7926,0
DA:7928,0
DA:7929,0
DA:7931,0
DA:7932,0
DA:7947,0
DA:7948,0
DA:7951,0
DA:7952,0
DA:7953,0
DA:7954,0
DA:7955,0
DA:7956,0
DA:7957,0
DA:7982,0
DA:8007,0
DA:8032,0
DA:8057,0
DA:8058,0
DA:8059,0
DA:8131,0
DA:8138,0
DA:8139,0
DA:8141,0
DA:8142,0
DA:8144,0
DA:8145,0
DA:8147,0
DA:8148,0
DA:8149,0
DA:8150,0
DA:8152,0
DA:8153,0
DA:8154,0
DA:8155,0
DA:8157,0
DA:8158,0
DA:8160,0
DA:8161,0
DA:8163,0
DA:8164,0
DA:8166,0
DA:8167,0
DA:8169,0
DA:8170,0
DA:8172,0
DA:8173,0
DA:8175,0
DA:8176,0
DA:8178,0
DA:8179,0
DA:8181,0
DA:8182,0
DA:8183,0
DA:8185,0
DA:8186,0
DA:8188,0
DA:8189,0
DA:8191,0
DA:8192,0
DA:8194,0
DA:8195,0
DA:8197,0
DA:8198,0
DA:8200,0
DA:8201,0
DA:8202,0
DA:8204,0
DA:8205,0
DA:8206,0
DA:8208,0
DA:8209,0
DA:8210,0
DA:8212,0
DA:8213,0
DA:8214,0
DA:8219,0
DA:8226,0
DA:8227,0
DA:8229,0
DA:8230,0
DA:8232,0
DA:8233,0
DA:8235,0
DA:8236,0
DA:8238,0
DA:8239,0
DA:8241,0
DA:8242,0
DA:8244,0
DA:8245,0
DA:8247,0
DA:8248,0
DA:8250,0
DA:8251,0
DA:8253,0
DA:8254,0
DA:8256,0
DA:8257,0
DA:8259,0
DA:8260,0
DA:8262,0
DA:8263,0
DA:8265,0
DA:8266,0
DA:8267,0
DA:8269,0
DA:8270,0
DA:8271,0
DA:8273,0
DA:8274,0
DA:8275,0
DA:8277,0
DA:8278,0
DA:8280,0
DA:8281,0
DA:8283,0
DA:8284,0
DA:8286,0
DA:8287,0
DA:8288,0
DA:8290,0
DA:8291,0
DA:8292,0
DA:8294,0
DA:8295,0
DA:8296,0
DA:8298,0
DA:8299,0
DA:8300,0
DA:8305,0
DA:8312,0
DA:8313,0
DA:8315,0
DA:8316,0
DA:8318,0
DA:8319,0
DA:8321,0
DA:8322,0
DA:8324,0
DA:8325,0
DA:8327,0
DA:8328,0
DA:8330,0
DA:8331,0
DA:8333,0
DA:8334,0
DA:8336,0
DA:8337,0
DA:8339,0
DA:8340,0
DA:8342,0
DA:8343,0
DA:8345,0
DA:8346,0
DA:8348,0
DA:8349,0
DA:8351,0
DA:8352,0
DA:8354,0
DA:8355,0
DA:8357,0
DA:8358,0
DA:8360,0
DA:8361,0
DA:8363,0
DA:8364,0
DA:8366,0
DA:8367,0
DA:8369,0
DA:8370,0
DA:8372,0
DA:8373,0
DA:8375,0
DA:8376,0
DA:8378,0
DA:8379,0
DA:8394,0
DA:8395,0
DA:8398,0
DA:8399,0
DA:8400,0
DA:8401,0
DA:8402,0
DA:8403,0
DA:8404,0
DA:8430,0
DA:8456,0
DA:8482,0
DA:8508,0
DA:8509,0
DA:8510,0
DA:8560,0
DA:8567,0
DA:8568,0
DA:8570,0
DA:8571,0
DA:8573,0
DA:8574,0
DA:8576,0
DA:8577,0
DA:8579,0
DA:8580,0
DA:8582,0
DA:8583,0
DA:8585,0
DA:8586,0
DA:8588,0
DA:8589,0
DA:8591,0
DA:8592,0
DA:8594,0
DA:8595,0
DA:8597,0
DA:8598,0
DA:8603,0
DA:8610,0
DA:8611,0
DA:8613,0
DA:8614,0
DA:8616,0
DA:8617,0
DA:8619,0
DA:8620,0
DA:8622,0
DA:8623,0
DA:8625,0
DA:8626,0
DA:8628,0
DA:8629,0
DA:8631,0
DA:8632,0
DA:8634,0
DA:8635,0
DA:8637,0
DA:8638,0
DA:8640,0
DA:8641,0
DA:8646,0
DA:8653,0
DA:8654,0
DA:8656,0
DA:8657,0
DA:8659,0
DA:8660,0
DA:8662,0
DA:8663,0
DA:8665,0
DA:8666,0
DA:8668,0
DA:8669,0
DA:8671,0
DA:8672,0
DA:8674,0
DA:8675,0
DA:8677,0
DA:8678,0
DA:8680,0
DA:8681,0
DA:8683,0
DA:8684,0
DA:8699,0
DA:8700,0
DA:8703,0
DA:8704,0
DA:8705,0
DA:8706,0
DA:8707,0
DA:8708,0
DA:8709,0
DA:8723,0
DA:8737,0
DA:8751,0
DA:8765,0
DA:8766,0
DA:8767,0
DA:8801,0
DA:8808,0
DA:8809,0
DA:8811,0
DA:8812,0
DA:8814,0
DA:8815,0
DA:8820,0
DA:8827,0
DA:8828,0
DA:8830,0
DA:8831,0
DA:8833,0
DA:8834,0
DA:8839,0
DA:8846,0
DA:8847,0
DA:8849,0
DA:8850,0
DA:8852,0
DA:8853,0
DA:8868,0
DA:8869,0
DA:8872,0
DA:8873,0
DA:8874,0
DA:8875,0
DA:8876,0
DA:8877,0
DA:8878,0
DA:8884,0
DA:8890,0
DA:8896,0
DA:8902,0
DA:8903,0
DA:8904,0
DA:8956,0
DA:8963,0
DA:8964,0
DA:8966,0
DA:8967,0
DA:8969,0
DA:8970,0
DA:8972,0
DA:8973,0
DA:8975,0
DA:8976,0
DA:8978,0
DA:8979,0
DA:8981,0
DA:8982,0
DA:8984,0
DA:8985,0
DA:8987,0
DA:8988,0
DA:8990,0
DA:8991,0
DA:8993,0
DA:8994,0
DA:8996,0
DA:8997,0
DA:9002,0
DA:9009,0
DA:9010,0
DA:9012,0
DA:9013,0
DA:9015,0
DA:9016,0
DA:9018,0
DA:9019,0
DA:9021,0
DA:9022,0
DA:9024,0
DA:9025,0
DA:9027,0
DA:9028,0
DA:9030,0
DA:9031,0
DA:9033,0
DA:9034,0
DA:9036,0
DA:9037,0
DA:9039,0
DA:9040,0
DA:9042,0
DA:9043,0
DA:9048,0
DA:9055,0
DA:9056,0
DA:9058,0
DA:9059,0
DA:9061,0
DA:9062,0
DA:9064,0
DA:9065,0
DA:9067,0
DA:9068,0
DA:9070,0
DA:9071,0
DA:9073,0
DA:9074,0
DA:9076,0
DA:9077,0
DA:9079,0
DA:9080,0
DA:9082,0
DA:9083,0
DA:9085,0
DA:9086,0
DA:9088,0
DA:9089,0
DA:9104,0
DA:9105,0
DA:9108,0
DA:9109,0
DA:9110,0
DA:9111,0
DA:9112,0
DA:9113,0
DA:9114,0
DA:9129,0
DA:9144,0
DA:9159,0
DA:9174,0
DA:9175,0
DA:9176,0
DA:9228,0
DA:9235,0
DA:9236,0
DA:9238,0
DA:9239,0
DA:9241,0
DA:9242,0
DA:9244,0
DA:9245,0
DA:9247,0
DA:9248,0
DA:9250,0
DA:9251,0
DA:9253,0
DA:9254,0
DA:9256,0
DA:9257,0
DA:9259,0
DA:9260,0
DA:9262,0
DA:9263,0
DA:9265,0
DA:9266,0
DA:9268,0
DA:9269,0
DA:9274,0
DA:9281,0
DA:9282,0
DA:9284,0
DA:9285,0
DA:9287,0
DA:9288,0
DA:9290,0
DA:9291,0
DA:9293,0
DA:9294,0
DA:9296,0
DA:9297,0
DA:9299,0
DA:9300,0
DA:9302,0
DA:9303,0
DA:9305,0
DA:9306,0
DA:9308,0
DA:9309,0
DA:9311,0
DA:9312,0
DA:9314,0
DA:9315,0
DA:9320,0
DA:9327,0
DA:9328,0
DA:9330,0
DA:9331,0
DA:9333,0
DA:9334,0
DA:9336,0
DA:9337,0
DA:9339,0
DA:9340,0
DA:9342,0
DA:9343,0
DA:9345,0
DA:9346,0
DA:9348,0
DA:9349,0
DA:9351,0
DA:9352,0
DA:9354,0
DA:9355,0
DA:9357,0
DA:9358,0
DA:9360,0
DA:9361,0
DA:9379,0
DA:9380,0
DA:9383,0
DA:9384,0
DA:9385,0
DA:9386,0
DA:9387,0
DA:9388,0
DA:9389,0
DA:9404,0
DA:9419,0
DA:9434,0
DA:9449,0
DA:9450,0
DA:9451,0
DA:9504,0
DA:9511,0
DA:9512,0
DA:9514,0
DA:9515,0
DA:9517,0
DA:9518,0
DA:9520,0
DA:9521,0
DA:9523,0
DA:9524,0
DA:9526,0
DA:9527,0
DA:9529,0
DA:9530,0
DA:9532,0
DA:9533,0
DA:9535,0
DA:9536,0
DA:9538,0
DA:9539,0
DA:9541,0
DA:9542,0
DA:9547,0
DA:9554,0
DA:9555,0
DA:9557,0
DA:9558,0
DA:9560,0
DA:9561,0
DA:9563,0
DA:9564,0
DA:9566,0
DA:9567,0
DA:9569,0
DA:9570,0
DA:9572,0
DA:9573,0
DA:9575,0
DA:9576,0
DA:9578,0
DA:9579,0
DA:9581,0
DA:9582,0
DA:9584,0
DA:9585,0
DA:9590,0
DA:9597,0
DA:9598,0
DA:9600,0
DA:9601,0
DA:9603,0
DA:9604,0
DA:9606,0
DA:9607,0
DA:9609,0
DA:9610,0
DA:9612,0
DA:9613,0
DA:9615,0
DA:9616,0
DA:9618,0
DA:9619,0
DA:9621,0
DA:9622,0
DA:9624,0
DA:9625,0
DA:9627,0
DA:9628,0
DA:9646,0
DA:9647,0
DA:9650,0
DA:9651,0
DA:9652,0
DA:9653,0
DA:9654,0
DA:9655,0
DA:9656,0
DA:9670,0
DA:9684,0
DA:9698,0
DA:9712,0
DA:9713,0
DA:9714,0
DA:9763,0
DA:9770,0
DA:9771,0
DA:9773,0
DA:9774,0
DA:9776,0
DA:9777,0
DA:9779,0
DA:9780,0
DA:9782,0
DA:9783,0
DA:9785,0
DA:9786,0
DA:9788,0
DA:9789,0
DA:9791,0
DA:9792,0
DA:9794,0
DA:9795,0
DA:9800,0
DA:9807,0
DA:9808,0
DA:9810,0
DA:9811,0
DA:9813,0
DA:9814,0
DA:9816,0
DA:9817,0
DA:9819,0
DA:9820,0
DA:9822,0
DA:9823,0
DA:9825,0
DA:9826,0
DA:9828,0
DA:9829,0
DA:9831,0
DA:9832,0
DA:9837,0
DA:9844,0
DA:9845,0
DA:9847,0
DA:9848,0
DA:9850,0
DA:9851,0
DA:9853,0
DA:9854,0
DA:9856,0
DA:9857,0
DA:9859,0
DA:9860,0
DA:9862,0
DA:9863,0
DA:9865,0
DA:9866,0
DA:9868,0
DA:9869,0
DA:9887,0
DA:9888,0
DA:9891,0
DA:9892,0
DA:9893,0
DA:9894,0
DA:9895,0
DA:9896,0
DA:9897,0
DA:9909,0
DA:9921,0
DA:9933,0
DA:9945,0
DA:9946,0
DA:9947,0
DA:9970,0
DA:9971,0
DA:9972,0
DA:9973,0
DA:9974,0
DA:9975,0
DA:9976,0
DA:9977,0
DA:9978,0
DA:9979,0
DA:9980,0
DA:9981,0
DA:9982,0
DA:9983,0
DA:9984,0
DA:9985,0
DA:9986,0
DA:9987,0
DA:9988,0
DA:9989,0
DA:9990,0
DA:9991,0
DA:9992,0
DA:9993,0
DA:9994,0
LF:4867
LH:972
end_of_record
SF:lib/data/local/app_db.dart
DA:28,0
DA:29,0
DA:30,0
DA:31,0
DA:32,0
DA:33,0
DA:34,0
DA:35,0
DA:37,0
DA:38,0
DA:39,0
DA:42,0
DA:43,0
DA:44,0
DA:45,0
DA:49,0
DA:50,0
DA:51,0
DA:52,0
DA:56,0
DA:57,0
DA:62,0
DA:63,0
DA:64,0
DA:65,0
DA:66,0
DA:67,0
DA:72,0
DA:73,0
DA:75,0
DA:76,0
DA:81,0
DA:82,0
DA:83,0
DA:85,0
DA:86,0
DA:112,0
DA:113,0
DA:114,0
DA:115,0
DA:118,0
DA:119,0
DA:120,0
DA:121,0
DA:124,0
DA:125,0
DA:126,0
DA:127,0
DA:130,0
DA:131,0
DA:132,0
DA:133,0
DA:134,0
DA:135,0
DA:138,0
DA:139,0
DA:142,0
DA:143,0
DA:144,0
DA:147,0
DA:148,0
DA:149,0
DA:150,0
DA:167,0
DA:170,0
DA:173,0
DA:176,0
DA:177,0
DA:180,0
DA:181,0
DA:182,0
DA:185,0
DA:188,0
DA:191,0
DA:194,0
DA:197,0
DA:200,0
DA:203,0
DA:206,0
DA:209,0
DA:212,0
DA:215,0
DA:218,0
DA:221,0
DA:224,0
DA:228,0
DA:229,0
DA:230,0
DA:231,0
DA:235,0
DA:236,0
DA:241,0
DA:248,0
DA:258,4
DA:272,0
DA:275,0
DA:278,0
DA:281,0
DA:284,0
DA:287,0
DA:290,0
DA:293,0
DA:296,0
DA:299,0
DA:302,0
DA:304,0
DA:305,0
DA:312,0
DA:315,0
DA:318,0
DA:320,0
DA:321,0
DA:328,0
DA:331,0
DA:334,0
DA:337,0
DA:340,0
DA:343,0
DA:346,0
DA:349,0
DA:352,0
DA:355,0
DA:358,0
DA:361,0
DA:363,0
DA:364,0
DA:371,0
DA:374,0
DA:377,0
DA:380,0
DA:383,0
DA:386,0
DA:389,0
DA:392,0
DA:395,0
DA:398,0
DA:401,0
DA:404,0
DA:406,0
DA:407,0
DA:414,0
DA:417,0
DA:420,0
DA:423,0
DA:426,0
DA:429,0
DA:432,0
DA:435,0
DA:438,0
DA:441,0
DA:444,0
DA:446,0
DA:447,0
DA:454,0
DA:457,0
DA:460,0
DA:463,0
DA:466,0
DA:469,0
DA:472,0
DA:475,0
DA:478,0
DA:480,0
DA:481,0
DA:511,35
DA:513,5
DA:516,4
DA:517,4
DA:518,4
DA:519,4
DA:522,4
DA:525,4
DA:526,4
DA:527,4
DA:528,4
DA:529,4
DA:530,4
DA:531,4
DA:534,4
DA:539,0
DA:540,0
DA:541,0
DA:542,0
DA:546,0
DA:550,0
DA:552,0
DA:554,0
DA:556,0
DA:557,0
DA:563,0
DA:564,0
DA:565,0
DA:567,0
DA:569,0
DA:570,0
DA:572,0
DA:574,0
DA:575,0
DA:578,0
DA:581,0
DA:584,0
DA:586,0
DA:588,0
DA:590,0
DA:594,0
DA:597,0
DA:600,0
DA:603,0
DA:606,0
DA:608,0
DA:610,0
DA:613,0
DA:616,0
DA:619,0
DA:621,0
DA:623,0
DA:625,0
DA:627,0
DA:630,0
DA:632,0
DA:638,0
DA:641,0
DA:644,0
DA:645,0
DA:646,0
DA:647,0
DA:650,0
DA:652,0
DA:653,0
DA:656,0
DA:657,0
DA:660,0
DA:662,0
DA:665,0
DA:670,0
DA:673,0
DA:676,0
DA:679,0
DA:684,0
DA:687,0
DA:690,0
DA:693,0
DA:698,0
DA:701,0
DA:704,0
DA:707,0
DA:714,0
DA:719,2
DA:720,10
DA:724,0
DA:727,0
DA:731,0
DA:736,4
DA:737,4
DA:741,4
DA:744,4
DA:750,4
DA:751,4
DA:757,0
DA:758,0
DA:762,0
DA:766,0
DA:770,0
DA:774,0
DA:778,0
DA:784,4
DA:785,4
DA:789,4
DA:793,4
DA:799,4
DA:800,4
DA:804,4
DA:808,4
DA:812,4
DA:816,4
DA:822,0
DA:824,0
DA:827,0
DA:830,0
DA:832,0
DA:849,0
DA:867,0
DA:879,0
DA:883,0
DA:884,0
DA:885,0
DA:886,0
DA:887,0
DA:888,0
DA:889,0
DA:892,0
DA:893,0
DA:895,0
DA:896,0
DA:897,0
DA:898,0
DA:899,0
DA:901,0
DA:902,0
DA:903,0
DA:906,0
DA:907,0
DA:908,0
DA:909,0
DA:913,0
DA:917,0
DA:921,0
DA:925,0
DA:926,0
DA:928,0
DA:932,0
DA:936,0
DA:937,0
DA:938,0
DA:939,0
DA:940,0
DA:943,0
DA:944,0
DA:945,0
DA:946,0
DA:947,0
DA:949,0
DA:952,0
DA:953,0
DA:954,0
DA:955,0
DA:958,0
DA:959,0
DA:961,0
DA:962,0
DA:963,0
DA:965,0
DA:966,0
DA:971,0
DA:972,0
DA:973,0
DA:974,0
DA:976,0
DA:978,0
DA:979,0
DA:984,0
DA:989,0
DA:990,0
DA:991,0
DA:992,0
DA:995,0
DA:996,0
DA:1000,0
DA:1003,0
DA:1004,0
DA:1005,0
DA:1009,0
DA:1012,0
DA:1015,2
DA:1016,6
DA:1018,0
DA:1019,0
DA:1024,1
DA:1025,3
DA:1026,1
DA:1029,1
DA:1033,0
DA:1034,0
DA:1036,0
DA:1037,0
DA:1038,0
DA:1041,0
DA:1042,0
DA:1043,0
DA:1044,0
DA:1045,0
DA:1046,0
DA:1053,0
DA:1054,0
DA:1055,0
DA:1056,0
DA:1057,0
DA:1058,0
DA:1059,0
DA:1060,0
DA:1064,0
DA:1065,0
DA:1066,0
DA:1067,0
DA:1068,0
DA:1069,0
DA:1075,1
DA:1076,2
DA:1077,7
DA:1078,1
DA:1081,4
DA:1082,3
DA:1083,1
DA:1085,2
DA:1086,1
DA:1087,1
DA:1088,1
DA:1089,2
DA:1097,1
DA:1101,2
DA:1102,7
DA:1103,1
DA:1104,2
DA:1105,1
DA:1106,1
DA:1107,1
DA:1108,2
DA:1110,1
DA:1111,2
DA:1120,0
DA:1121,0
DA:1129,0
DA:1130,0
DA:1132,0
DA:1136,0
DA:1137,0
DA:1146,0
DA:1147,0
DA:1150,0
DA:1151,0
DA:1152,0
DA:1154,0
DA:1158,0
DA:1159,0
DA:1161,0
DA:1162,0
DA:1168,0
DA:1169,0
DA:1170,0
DA:1171,0
DA:1172,0
DA:1173,0
DA:1177,0
DA:1178,0
DA:1179,0
DA:1181,0
DA:1184,0
DA:1186,0
DA:1187,0
DA:1192,0
DA:1197,0
DA:1198,0
DA:1200,0
DA:1202,0
DA:1203,0
DA:1204,0
DA:1205,0
DA:1206,0
DA:1208,0
DA:1209,0
DA:1210,0
DA:1211,0
DA:1212,0
DA:1216,0
DA:1217,0
DA:1221,0
DA:1225,0
DA:1228,0
DA:1229,0
DA:1233,0
DA:1234,0
DA:1235,0
DA:1236,0
DA:1237,0
DA:1238,0
DA:1245,0
DA:1246,0
DA:1247,0
DA:1248,0
DA:1254,0
DA:1258,0
DA:1259,0
DA:1261,0
DA:1263,0
DA:1272,0
DA:1273,0
DA:1274,0
DA:1276,0
DA:1279,0
DA:1281,0
DA:1283,0
DA:1291,0
DA:1292,0
DA:1293,0
DA:1300,0
DA:1301,0
DA:1302,0
DA:1303,0
DA:1305,0
DA:1306,0
DA:1307,0
DA:1308,0
DA:1309,0
DA:1312,0
DA:1313,0
DA:1315,0
DA:1317,0
DA:1318,0
DA:1321,0
DA:1327,0
DA:1329,0
DA:1330,0
DA:1332,0
DA:1334,0
DA:1335,0
DA:1339,0
DA:1345,0
DA:1362,0
DA:1379,0
DA:1398,0
DA:1401,0
DA:1403,0
DA:1404,0
DA:1410,0
DA:1412,0
DA:1414,0
DA:1415,0
DA:1420,0
DA:1424,0
DA:1426,0
DA:1428,0
DA:1430,0
DA:1437,0
DA:1441,0
DA:1443,0
DA:1445,0
DA:1446,0
DA:1451,0
DA:1454,0
DA:1455,0
DA:1456,0
DA:1457,0
DA:1458,0
DA:1460,0
DA:1462,0
DA:1463,0
DA:1464,0
DA:1465,0
DA:1466,0
DA:1468,0
DA:1470,0
DA:1471,0
DA:1478,1
DA:1480,8
DA:1481,2
DA:1482,2
DA:1484,1
DA:1485,1
DA:1487,1
DA:1491,1
DA:1492,1
DA:1493,1
DA:1494,0
DA:1497,1
DA:1498,2
DA:1499,1
DA:1502,1
DA:1503,0
DA:1504,0
DA:1506,0
DA:1507,0
DA:1508,0
DA:1509,0
DA:1511,0
DA:1512,0
DA:1514,0
DA:1515,0
DA:1516,0
DA:1517,0
DA:1520,1
DA:1521,1
DA:1524,1
DA:1533,2
DA:1534,1
DA:1535,2
DA:1540,1
DA:1541,2
DA:1542,1
DA:1543,1
DA:1544,2
DA:1545,5
DA:1547,5
DA:1548,1
DA:1557,0
DA:1558,0
DA:1559,0
DA:1560,0
DA:1563,0
DA:1564,0
DA:1565,0
DA:1566,0
DA:1569,0
DA:1570,0
DA:1573,0
DA:1574,0
DA:1577,0
DA:1578,0
DA:1581,0
DA:1582,0
DA:1585,0
DA:1586,0
DA:1589,0
DA:1592,0
DA:1593,0
DA:1594,0
DA:1595,0
DA:1596,0
DA:1597,0
DA:1598,0
DA:1599,0
DA:1601,0
DA:1604,0
DA:1605,0
DA:1606,0
DA:1607,0
DA:1608,0
DA:1609,0
DA:1610,0
DA:1612,0
DA:1615,0
DA:1616,0
DA:1617,0
DA:1618,0
DA:1619,0
DA:1620,0
DA:1622,0
DA:1629,6
DA:1630,14
DA:1631,10
DA:1632,2
DA:1635,0
DA:1636,0
DA:1639,0
DA:1644,0
DA:1645,0
DA:1646,0
DA:1650,0
DA:1654,0
DA:1658,0
DA:1661,0
DA:1662,0
DA:1663,0
DA:1666,0
DA:1670,0
DA:1674,0
DA:1675,0
DA:1676,0
DA:1677,0
DA:1678,0
DA:1680,0
DA:1681,0
DA:1684,0
DA:1685,0
DA:1686,0
DA:1687,0
DA:1688,0
DA:1689,0
DA:1690,0
DA:1691,0
DA:1693,0
DA:1694,0
DA:1695,0
DA:1697,0
DA:1702,0
DA:1703,0
DA:1704,0
DA:1705,0
DA:1706,0
DA:1709,0
DA:1710,0
DA:1711,0
DA:1712,0
DA:1713,0
DA:1714,0
DA:1718,0
DA:1721,0
DA:1724,0
DA:1727,0
DA:1731,2
DA:1732,6
DA:1735,0
DA:1736,0
DA:1739,0
DA:1740,0
DA:1741,0
DA:1743,0
DA:1744,0
DA:1745,0
DA:1750,0
DA:1751,0
DA:1753,0
DA:1757,0
DA:1758,0
DA:1759,0
DA:1760,0
DA:1761,0
DA:1763,0
DA:1770,0
DA:1771,0
DA:1774,0
DA:1775,0
DA:1778,0
DA:1783,0
DA:1784,0
DA:1787,0
DA:1788,0
DA:1790,0
DA:1791,0
DA:1792,0
DA:1794,0
DA:1795,0
DA:1799,0
DA:1805,0
DA:1806,0
DA:1807,0
DA:1811,0
DA:1812,0
DA:1813,0
DA:1814,0
DA:1816,0
DA:1820,0
DA:1821,0
DA:1822,0
DA:1823,0
DA:1824,0
DA:1825,0
DA:1826,0
DA:1827,0
DA:1828,0
DA:1831,0
DA:1832,0
DA:1834,0
DA:1838,0
DA:1841,0
DA:1842,0
DA:1843,0
DA:1846,0
DA:1848,0
DA:1849,0
DA:1851,0
DA:1852,0
DA:1853,0
DA:1861,0
DA:1862,0
DA:1863,0
DA:1865,0
DA:1872,0
DA:1873,0
DA:1874,0
DA:1875,0
DA:1877,0
DA:1878,0
DA:1879,0
DA:1881,0
DA:1884,0
DA:1885,0
DA:1886,0
DA:1887,0
DA:1890,0
DA:1893,0
DA:1894,0
DA:1895,0
DA:1896,0
DA:1897,0
DA:1898,0
DA:1900,0
DA:1903,0
DA:1904,0
DA:1905,0
DA:1906,0
DA:1912,0
DA:1913,0
DA:1914,0
DA:1915,0
DA:1921,0
DA:1922,0
DA:1927,0
DA:1928,0
DA:1933,0
DA:1934,0
DA:1936,0
DA:1938,0
DA:1939,0
DA:1943,0
DA:1944,0
DA:1953,0
DA:1954,0
DA:1961,0
DA:1963,0
DA:1964,0
DA:1965,0
DA:1966,0
DA:1967,0
DA:1977,4
DA:1978,4
DA:1981,4
DA:1984,4
DA:1987,4
DA:1990,4
DA:1995,4
DA:1997,4
DA:2001,4
DA:2005,4
DA:2009,4
DA:2013,4
DA:2018,0
DA:2020,0
DA:2021,0
DA:2022,0
DA:2023,0
DA:2025,0
DA:2027,0
DA:2030,0
DA:2031,0
DA:2034,0
DA:2035,0
DA:2036,0
DA:2037,0
DA:2039,0
DA:2040,0
DA:2042,0
DA:2045,0
DA:2046,0
DA:2048,0
DA:2050,0
DA:2053,0
DA:2056,0
DA:2060,0
DA:2067,0
DA:2069,0
DA:2070,0
DA:2071,0
DA:2072,0
DA:2074,0
DA:2076,0
DA:2077,0
DA:2079,0
DA:2080,0
DA:2087,0
DA:2089,0
DA:2092,0
DA:2097,0
DA:2100,0
DA:2109,0
DA:2112,0
DA:2116,0
DA:2118,0
DA:2129,0
DA:2140,0
DA:2151,0
DA:2167,4
DA:2168,4
DA:2172,4
DA:2176,4
DA:2183,0
DA:2185,0
DA:2206,0
DA:2207,0
DA:2208,0
DA:2209,0
DA:2210,0
DA:2211,0
DA:2213,0
DA:2217,0
DA:2218,0
DA:2219,0
DA:2220,0
DA:2221,0
DA:2222,0
DA:2224,0
DA:2228,0
DA:2229,0
DA:2230,0
DA:2231,0
DA:2232,0
DA:2236,1
DA:2237,3
DA:2241,0
DA:2242,0
DA:2243,0
DA:2244,0
DA:2245,0
DA:2247,0
DA:2248,0
DA:2249,0
DA:2251,0
DA:2253,0
DA:2254,0
DA:2258,0
DA:2263,0
DA:2264,0
DA:2265,0
DA:2266,0
DA:2269,0
DA:2270,0
DA:2274,0
DA:2277,0
DA:2280,0
DA:2283,0
DA:2287,1
DA:2288,1
DA:2289,2
DA:2290,1
DA:2292,2
DA:2293,2
DA:2294,1
DA:2295,1
DA:2296,5
DA:2299,3
DA:2300,2
DA:2301,2
DA:2302,1
DA:2304,2
DA:2305,1
DA:2306,1
DA:2308,1
DA:2316,1
DA:2317,3
DA:2319,2
DA:2320,2
DA:2321,1
DA:2322,1
DA:2323,5
DA:2324,1
DA:2327,2
DA:2328,1
DA:2329,1
DA:2330,4
DA:2331,3
DA:2333,1
DA:2339,2
DA:2340,14
DA:2343,1
DA:2344,7
DA:2347,0
DA:2348,0
DA:2351,0
DA:2352,0
DA:2353,0
DA:2355,0
DA:2358,0
DA:2361,0
DA:2364,0
DA:2367,0
DA:2371,1
DA:2374,3
DA:2375,1
DA:2378,1
DA:2383,0
DA:2388,0
DA:2389,0
DA:2390,0
DA:2392,0
DA:2393,0
DA:2397,0
DA:2398,0
DA:2399,0
DA:2401,0
DA:2403,0
DA:2404,0
DA:2408,0
DA:2409,0
DA:2413,0
DA:2416,0
DA:2417,0
DA:2420,0
DA:2428,0
DA:2431,0
DA:2432,0
DA:2433,0
DA:2434,0
DA:2435,0
DA:2439,0
DA:2440,0
DA:2441,0
DA:2442,0
DA:2443,0
DA:2447,0
DA:2450,0
DA:2451,0
DA:2455,0
DA:2456,0
DA:2460,0
DA:2461,0
DA:2465,0
DA:2466,0
DA:2467,0
DA:2468,0
DA:2469,0
DA:2470,0
DA:2474,0
DA:2475,0
DA:2476,0
DA:2477,0
DA:2478,0
DA:2479,0
DA:2483,0
DA:2486,0
DA:2487,0
DA:2488,0
DA:2489,0
DA:2493,0
DA:2495,0
DA:2497,0
DA:2502,0
DA:2503,0
DA:2504,0
DA:2505,0
DA:2507,0
DA:2508,0
DA:2512,0
DA:2516,0
DA:2518,0
DA:2519,0
DA:2521,0
DA:2522,0
DA:2529,0
DA:2530,0
DA:2531,0
DA:2535,0
DA:2537,0
DA:2554,0
DA:2555,0
DA:2556,0
DA:2558,0
DA:2559,0
DA:2560,0
DA:2561,0
DA:2562,0
DA:2563,0
DA:2564,0
DA:2565,0
DA:2566,0
DA:2567,0
DA:2568,0
DA:2569,0
DA:2570,0
DA:2572,0
DA:2576,0
DA:2577,0
DA:2578,0
DA:2579,0
DA:2580,0
DA:2584,0
DA:2585,0
DA:2586,0
DA:2587,0
DA:2595,0
DA:2596,0
DA:2600,0
DA:2601,0
DA:2602,0
DA:2603,0
DA:2604,0
DA:2605,0
DA:2607,0
DA:2611,0
DA:2612,0
DA:2613,0
DA:2614,0
DA:2615,0
DA:2616,0
DA:2618,0
DA:2622,0
DA:2623,0
DA:2624,0
DA:2625,0
DA:2626,0
DA:2630,0
DA:2631,0
DA:2635,0
DA:2636,0
DA:2638,0
DA:2639,0
DA:2640,0
DA:2641,0
DA:2648,0
DA:2649,0
DA:2651,0
DA:2652,0
DA:2653,0
DA:2658,0
DA:2659,0
DA:2660,0
DA:2662,0
DA:2663,0
DA:2664,0
DA:2670,0
DA:2671,0
DA:2672,0
DA:2673,0
DA:2674,0
DA:2675,0
DA:2677,0
DA:2681,0
DA:2682,0
DA:2683,0
DA:2684,0
DA:2685,0
DA:2693,0
DA:2694,0
DA:2698,0
DA:2699,0
DA:2700,0
DA:2701,0
DA:2702,0
DA:2706,0
DA:2707,0
DA:2708,0
DA:2709,0
DA:2710,0
DA:2714,0
DA:2715,0
DA:2716,0
DA:2720,0
DA:2721,0
DA:2725,0
DA:2726,0
DA:2727,0
DA:2732,0
DA:2733,0
DA:2737,0
DA:2738,0
DA:2740,0
DA:2741,0
DA:2786,0
DA:2817,0
DA:2883,0
DA:2935,0
DA:2992,0
DA:2993,0
DA:2998,0
DA:3000,0
DA:3006,0
DA:3013,0
DA:3019,0
DA:3026,0
DA:3032,0
DA:3039,0
DA:3045,0
DA:3052,0
DA:3059,0
DA:3065,0
DA:3083,0
DA:3091,9
DA:3092,15
DA:3093,6
DA:3094,0
DA:3096,0
DA:3097,0
DA:3098,0
DA:3100,0
DA:3102,0
DA:3105,0
DA:3106,0
DA:3107,0
DA:3108,0
DA:3111,0
DA:3112,0
DA:3115,0
DA:3122,0
DA:3131,4
DA:3133,8
DA:3136,8
DA:3137,8
DA:3139,8
DA:3148,4
DA:3150,4
DA:3167,4
DA:3185,4
DA:3194,4
DA:3196,4
DA:3206,4
DA:3216,4
DA:3227,4
LF:1175
LH:171
end_of_record
SF:lib/models/note_kind.dart
DA:10,0
DA:13,0
DA:16,0
LF:3
LH:0
end_of_record
SF:lib/domain/entities/note.dart
DA:24,4
DA:43,0
DA:61,0
DA:62,0
DA:63,0
DA:64,0
DA:65,0
DA:66,0
DA:67,0
DA:68,0
DA:69,0
DA:70,0
DA:71,0
DA:72,0
DA:73,0
DA:74,0
DA:75,0
DA:76,0
DA:77,0
DA:88,0
LF:20
LH:1
end_of_record
SF:lib/infrastructure/repositories/notes_core_repository.dart
DA:23,4
DA:30,4
DA:31,4
DA:32,4
DA:33,4
DA:38,4
DA:57,0
DA:59,1
DA:62,2
DA:64,1
DA:66,2
DA:71,1
DA:72,1
DA:74,0
DA:75,0
DA:77,0
DA:83,1
DA:90,1
DA:91,1
DA:94,1
DA:95,1
DA:96,1
DA:97,1
DA:98,1
DA:99,1
DA:100,1
DA:101,1
DA:102,1
DA:103,1
DA:104,1
DA:105,1
DA:106,1
DA:107,1
DA:111,1
DA:113,5
DA:121,0
DA:122,0
DA:125,0
DA:126,0
DA:128,0
DA:129,0
DA:131,0
DA:137,0
DA:144,0
DA:145,0
DA:148,0
DA:149,0
DA:150,0
DA:151,0
DA:152,0
DA:153,0
DA:154,0
DA:155,0
DA:156,0
DA:157,0
DA:158,0
DA:159,0
DA:160,0
DA:161,0
DA:165,0
DA:167,0
DA:173,0
DA:179,0
DA:181,0
DA:182,0
DA:190,0
DA:191,0
DA:192,0
DA:195,0
DA:197,0
DA:202,0
DA:203,0
DA:206,0
DA:207,0
DA:208,0
DA:209,0
DA:210,0
DA:211,0
DA:212,0
DA:213,0
DA:214,0
DA:215,0
DA:216,0
DA:217,0
DA:218,0
DA:219,0
DA:222,0
DA:224,0
DA:234,3
DA:246,2
DA:247,12
DA:248,12
DA:249,3
DA:251,6
DA:252,10
DA:253,1
DA:254,4
DA:259,1
DA:268,3
DA:273,1
DA:277,2
DA:279,0
DA:280,1
DA:282,0
DA:283,1
DA:284,0
DA:294,0
DA:298,3
DA:301,2
DA:308,2
DA:311,2
DA:312,2
DA:314,1
DA:317,1
DA:329,4
DA:330,4
DA:331,1
DA:336,1
DA:337,1
DA:340,1
DA:341,1
DA:342,1
DA:343,1
DA:346,1
DA:350,0
DA:355,0
DA:364,0
DA:369,0
DA:375,3
DA:379,0
DA:380,1
DA:381,2
DA:382,1
DA:383,1
DA:384,2
DA:386,0
DA:387,1
DA:389,0
DA:390,1
DA:391,1
DA:401,0
DA:406,0
DA:414,3
DA:417,1
DA:420,2
DA:422,1
DA:423,1
DA:428,3
DA:430,12
DA:431,12
DA:432,6
DA:433,6
DA:434,3
DA:437,6
DA:438,3
DA:442,3
DA:445,5
DA:448,4
DA:451,4
DA:452,5
DA:454,4
DA:455,5
DA:458,1
DA:459,1
DA:461,1
DA:462,0
DA:465,1
DA:466,0
DA:470,1
DA:471,2
DA:472,2
DA:474,3
DA:475,3
DA:482,0
DA:484,0
DA:485,0
DA:486,0
DA:487,0
DA:488,0
DA:492,0
DA:493,0
DA:496,0
DA:499,0
DA:502,0
DA:503,0
DA:505,0
DA:506,0
DA:509,0
DA:510,0
DA:512,0
DA:513,0
DA:516,0
DA:517,0
DA:521,0
DA:522,0
DA:523,0
DA:525,0
DA:526,0
DA:533,0
DA:535,0
DA:536,0
DA:537,0
DA:538,0
DA:539,0
DA:543,0
DA:544,0
DA:547,0
DA:550,0
DA:553,0
DA:554,0
DA:556,0
DA:557,0
DA:560,0
DA:561,0
DA:563,0
DA:564,0
DA:567,0
DA:568,0
DA:572,0
DA:573,0
DA:574,0
DA:576,0
DA:577,0
DA:584,0
DA:586,0
DA:587,0
DA:590,0
DA:594,0
DA:595,0
DA:596,0
DA:600,0
DA:601,0
DA:604,0
DA:607,0
DA:610,0
DA:611,0
DA:613,0
DA:614,0
DA:617,0
DA:618,0
DA:620,0
DA:621,0
DA:624,0
DA:625,0
DA:629,0
DA:630,0
DA:631,0
DA:633,0
DA:634,0
DA:641,0
DA:642,0
DA:644,0
DA:646,0
DA:648,0
DA:650,0
DA:653,0
DA:656,0
DA:659,0
DA:660,0
DA:662,0
DA:663,0
DA:666,0
DA:667,0
DA:669,0
DA:670,0
DA:673,0
DA:674,0
DA:678,0
DA:679,0
DA:680,0
DA:682,0
DA:683,0
DA:690,0
DA:698,0
DA:700,0
DA:701,0
DA:702,0
DA:705,0
DA:706,0
DA:707,0
DA:710,0
DA:711,0
DA:712,0
DA:714,0
DA:724,0
DA:726,0
DA:727,0
DA:728,0
DA:729,0
DA:730,0
DA:733,0
DA:734,0
DA:740,0
DA:743,0
DA:746,0
DA:749,0
DA:752,0
DA:753,0
DA:755,0
DA:756,0
DA:759,0
DA:760,0
DA:762,0
DA:763,0
DA:766,0
DA:767,0
DA:771,0
DA:772,0
DA:773,0
DA:775,0
DA:776,0
DA:783,1
DA:785,1
DA:786,1
DA:787,1
DA:790,1
DA:793,2
DA:796,2
DA:798,2
DA:800,0
DA:805,1
DA:808,3
DA:814,2
DA:817,2
DA:819,2
DA:821,0
DA:826,1
DA:830,2
DA:833,0
DA:840,0
DA:847,0
DA:849,0
DA:850,0
DA:854,0
DA:855,0
DA:856,0
DA:857,0
DA:859,0
DA:860,0
DA:863,0
DA:864,0
DA:871,0
DA:872,0
DA:873,0
DA:874,0
DA:879,0
DA:880,0
DA:883,0
DA:884,0
DA:885,0
DA:888,0
DA:889,0
DA:893,0
DA:894,0
DA:897,0
DA:898,0
DA:899,0
DA:902,0
DA:904,0
DA:910,0
DA:912,0
DA:913,0
DA:916,1
DA:918,1
DA:922,2
DA:925,1
DA:928,4
DA:931,4
DA:932,5
DA:934,4
DA:935,5
DA:938,1
DA:939,1
DA:941,1
DA:942,0
DA:945,1
DA:946,0
DA:950,1
DA:951,2
DA:952,2
DA:954,3
DA:955,3
DA:962,0
DA:969,0
DA:974,0
DA:977,0
DA:979,0
DA:980,0
DA:981,0
DA:982,0
DA:983,0
DA:984,0
DA:985,0
DA:989,0
DA:992,0
DA:995,0
DA:997,0
DA:998,0
DA:999,0
DA:1000,0
DA:1001,0
DA:1002,0
DA:1005,0
DA:1007,0
DA:1010,0
DA:1013,0
DA:1016,0
DA:1017,0
DA:1018,0
DA:1019,0
DA:1021,0
DA:1022,0
DA:1025,0
DA:1026,0
DA:1027,0
DA:1028,0
DA:1029,0
DA:1030,0
DA:1033,0
DA:1034,0
DA:1038,0
DA:1041,0
DA:1042,0
DA:1043,0
DA:1049,3
DA:1051,3
DA:1054,0
DA:1056,0
DA:1057,0
DA:1063,0
DA:1065,0
DA:1068,0
DA:1070,0
DA:1073,0
DA:1075,0
DA:1076,0
DA:1077,0
DA:1080,0
DA:1082,0
DA:1084,0
DA:1087,0
DA:1090,0
DA:1091,0
DA:1092,0
DA:1093,0
DA:1095,0
DA:1096,0
DA:1097,0
DA:1098,0
DA:1099,0
DA:1100,0
DA:1101,0
DA:1102,0
DA:1103,0
DA:1104,0
DA:1105,0
DA:1106,0
DA:1107,0
DA:1108,0
DA:1111,0
DA:1114,0
DA:1115,0
DA:1117,0
DA:1118,0
DA:1120,0
DA:1121,0
DA:1125,0
DA:1126,0
DA:1127,0
DA:1130,0
DA:1131,0
DA:1135,0
DA:1138,0
DA:1141,0
DA:1144,0
DA:1145,0
DA:1147,0
DA:1148,0
DA:1151,0
DA:1152,0
DA:1154,0
DA:1155,0
DA:1158,0
DA:1159,0
DA:1162,0
DA:1164,0
DA:1165,0
DA:1166,0
DA:1169,0
DA:1172,0
DA:1173,0
DA:1174,0
DA:1176,0
DA:1177,0
DA:1178,0
DA:1179,0
DA:1180,0
DA:1181,0
DA:1182,0
DA:1183,0
DA:1184,0
DA:1185,0
DA:1186,0
DA:1187,0
DA:1188,0
DA:1189,0
DA:1192,0
DA:1194,0
DA:1195,0
DA:1196,0
DA:1197,0
DA:1198,0
DA:1199,0
DA:1200,0
DA:1201,0
DA:1202,0
DA:1203,0
DA:1204,0
DA:1207,0
DA:1209,0
DA:1210,0
DA:1211,0
DA:1212,0
DA:1213,0
DA:1214,0
DA:1215,0
DA:1216,0
DA:1217,0
DA:1218,0
DA:1219,0
DA:1222,0
DA:1225,0
DA:1226,0
DA:1227,0
DA:1232,0
DA:1233,0
DA:1234,0
DA:1238,0
DA:1239,0
DA:1240,0
DA:1241,0
DA:1242,0
DA:1243,0
DA:1244,0
DA:1245,0
DA:1246,0
DA:1247,0
DA:1248,0
DA:1249,0
DA:1250,0
DA:1254,0
DA:1256,0
DA:1258,0
DA:1261,0
DA:1263,0
DA:1265,0
DA:1268,0
DA:1270,0
DA:1272,0
DA:1277,0
DA:1279,0
DA:1280,0
DA:1281,0
DA:1285,0
DA:1286,0
DA:1287,0
DA:1288,0
DA:1289,0
DA:1290,0
DA:1291,0
DA:1292,0
DA:1293,0
DA:1294,0
DA:1295,0
DA:1296,0
DA:1297,0
DA:1301,0
DA:1303,0
DA:1304,0
DA:1305,0
DA:1306,0
DA:1308,0
DA:1309,0
DA:1310,0
DA:1311,0
DA:1312,0
DA:1313,0
DA:1314,0
DA:1315,0
DA:1316,0
DA:1317,0
DA:1318,0
DA:1319,0
DA:1320,0
DA:1321,0
DA:1324,0
DA:1326,0
DA:1327,0
DA:1329,0
DA:1330,0
DA:1331,0
DA:1333,0
DA:1334,0
DA:1340,0
DA:1342,0
DA:1349,0
DA:1351,0
DA:1352,0
DA:1353,0
DA:1358,0
DA:1360,0
DA:1363,0
DA:1368,0
DA:1372,0
DA:1375,0
DA:1377,0
DA:1380,0
DA:1381,0
DA:1382,0
DA:1383,0
DA:1386,0
DA:1390,0
DA:1391,0
DA:1394,0
DA:1398,0
DA:1399,0
DA:1401,0
DA:1402,0
DA:1408,0
DA:1410,0
DA:1413,0
DA:1420,0
DA:1422,0
DA:1425,0
DA:1427,0
DA:1430,0
DA:1435,0
DA:1438,0
DA:1440,0
DA:1443,0
DA:1449,0
DA:1451,0
DA:1452,0
DA:1453,0
DA:1456,0
DA:1457,0
DA:1458,0
DA:1459,0
DA:1462,0
DA:1463,0
DA:1464,0
DA:1466,0
DA:1467,0
DA:1468,0
DA:1469,0
DA:1470,0
DA:1475,0
DA:1479,0
DA:1482,0
DA:1490,1
DA:1500,2
DA:1503,1
DA:1505,1
DA:1508,2
DA:1511,1
DA:1516,1
DA:1521,0
DA:1526,0
DA:1535,0
DA:1543,1
DA:1549,2
DA:1552,1
DA:1553,3
DA:1554,0
DA:1555,0
DA:1560,0
DA:1564,1
DA:1565,1
DA:1566,3
DA:1567,0
DA:1568,0
DA:1573,0
DA:1574,0
DA:1575,0
DA:1576,0
DA:1582,0
DA:1593,1
DA:1594,1
DA:1595,1
DA:1600,0
DA:1605,0
DA:1606,0
DA:1607,0
DA:1609,0
DA:1610,0
DA:1617,0
DA:1626,0
DA:1628,0
DA:1639,0
DA:1642,0
DA:1643,0
DA:1644,0
DA:1646,0
DA:1651,0
DA:1654,0
DA:1655,0
DA:1656,0
DA:1657,0
DA:1659,0
DA:1664,0
DA:1667,0
DA:1668,0
DA:1669,0
DA:1672,0
DA:1673,0
DA:1674,0
DA:1675,0
DA:1677,0
DA:1680,0
DA:1685,0
DA:1688,0
DA:1689,0
DA:1690,0
DA:1691,0
DA:1692,0
DA:1695,0
DA:1697,0
DA:1702,0
DA:1705,0
DA:1706,0
DA:1707,0
DA:1710,0
DA:1711,0
DA:1712,0
DA:1713,0
DA:1714,0
DA:1718,0
DA:1725,0
DA:1728,0
DA:1730,0
DA:1731,0
DA:1734,0
DA:1739,0
DA:1742,0
DA:1743,0
DA:1744,0
DA:1745,0
DA:1748,0
DA:1750,0
DA:1751,0
DA:1755,0
DA:1756,0
DA:1757,0
DA:1760,0
DA:1761,0
DA:1763,0
DA:1764,0
DA:1767,0
DA:1768,0
DA:1770,0
DA:1771,0
DA:1774,0
DA:1775,0
DA:1779,0
DA:1780,0
DA:1781,0
DA:1783,0
DA:1784,0
DA:1790,0
DA:1791,0
DA:1795,0
DA:1798,0
DA:1806,0
DA:1807,0
DA:1809,0
DA:1810,0
DA:1811,0
DA:1812,0
DA:1816,0
DA:1817,0
DA:1821,0
DA:1824,0
DA:1826,0
DA:1828,0
DA:1834,0
DA:1835,0
DA:1839,0
DA:1840,0
DA:1841,0
DA:1843,0
DA:1849,0
DA:1850,0
DA:1855,0
DA:1856,0
DA:1861,0
DA:1862,0
DA:1863,0
DA:1864,0
DA:1865,0
DA:1871,0
DA:1873,0
DA:1880,0
DA:1883,0
DA:1884,0
DA:1885,0
DA:1887,0
LF:806
LH:153
end_of_record
SF:lib/core/crypto/crypto_box.dart
DA:11,0
DA:17,3
DA:23,0
DA:28,0
DA:29,0
DA:34,0
DA:37,0
DA:42,0
DA:43,0
DA:44,0
DA:46,0
DA:49,0
DA:51,0
DA:52,0
DA:54,0
DA:55,0
DA:56,0
DA:61,0
DA:62,0
DA:63,0
DA:68,0
DA:73,0
DA:76,0
DA:78,0
DA:81,0
DA:86,0
DA:87,0
DA:88,0
DA:92,0
DA:97,0
DA:99,0
DA:100,0
DA:101,0
DA:103,0
DA:104,0
DA:110,0
DA:115,0
DA:116,0
DA:118,0
DA:119,0
DA:127,0
DA:132,0
DA:134,0
DA:135,0
DA:136,0
DA:140,0
DA:145,0
DA:146,0
DA:152,0
DA:157,0
DA:158,0
DA:159,0
DA:162,0
DA:167,0
DA:168,0
DA:171,0
DA:176,0
DA:177,0
DA:180,0
DA:184,0
DA:185,0
DA:186,0
DA:189,0
DA:193,0
DA:194,0
DA:195,0
DA:198,0
DA:199,0
DA:200,0
DA:201,0
DA:202,0
DA:204,0
DA:207,0
DA:211,0
DA:214,0
DA:217,0
DA:220,0
DA:223,0
DA:224,0
DA:226,0
DA:227,0
DA:229,0
DA:230,0
DA:231,0
DA:232,0
DA:233,0
DA:234,0
DA:235,0
DA:238,0
DA:239,0
DA:245,0
DA:248,0
DA:249,0
DA:250,0
DA:252,0
DA:253,0
DA:256,0
DA:257,0
DA:258,0
DA:259,0
DA:260,0
DA:261,0
DA:262,0
DA:266,0
DA:269,0
DA:270,0
DA:271,0
DA:272,0
DA:273,0
DA:274,0
DA:275,0
DA:276,0
DA:277,0
DA:278,0
DA:285,0
DA:288,0
DA:289,0
LF:117
LH:1
end_of_record
SF:lib/data/remote/supabase_note_api.dart
DA:15,3
DA:22,0
DA:25,0
DA:26,0
DA:27,0
DA:28,0
DA:35,0
DA:41,0
DA:43,0
DA:47,0
DA:53,0
DA:58,0
DA:61,0
DA:62,0
DA:63,0
DA:66,0
DA:69,0
DA:73,0
DA:76,0
DA:77,0
DA:78,0
DA:79,0
DA:80,0
DA:86,0
DA:87,0
DA:88,0
DA:89,0
DA:90,0
DA:91,0
DA:93,0
DA:94,0
DA:111,0
DA:117,0
DA:119,0
DA:123,0
DA:126,0
DA:131,0
DA:134,0
DA:135,0
DA:136,0
DA:139,0
DA:142,0
DA:146,0
DA:149,0
DA:150,0
DA:151,0
DA:152,0
DA:153,0
DA:159,0
DA:160,0
DA:161,0
DA:162,0
DA:163,0
DA:164,0
DA:166,0
DA:167,0
DA:184,0
DA:188,0
DA:191,0
DA:192,0
DA:195,0
DA:200,0
DA:201,0
DA:202,0
DA:203,0
DA:204,0
DA:205,0
DA:215,0
DA:218,0
DA:219,0
DA:220,0
DA:221,0
DA:224,0
DA:228,0
DA:233,0
DA:236,0
DA:238,0
DA:239,0
DA:240,0
DA:241,0
DA:242,0
DA:244,0
DA:249,0
DA:252,0
DA:253,0
DA:254,0
DA:255,0
DA:256,0
DA:258,0
DA:262,0
DA:263,0
DA:264,0
DA:265,0
DA:266,0
DA:267,0
DA:269,0
DA:271,0
DA:272,0
DA:275,0
DA:276,0
DA:278,0
DA:287,0
DA:288,0
DA:289,0
DA:290,0
DA:291,0
DA:293,0
DA:294,0
DA:295,0
DA:296,0
DA:297,0
DA:303,0
DA:304,0
DA:305,0
DA:308,0
DA:329,0
DA:332,0
DA:333,0
DA:334,0
DA:339,0
DA:342,0
DA:346,0
DA:350,0
DA:351,0
DA:352,0
DA:353,0
DA:354,0
DA:355,0
DA:357,0
DA:358,0
DA:372,0
DA:386,0
DA:389,0
DA:394,0
DA:395,0
DA:398,0
DA:400,0
DA:403,0
LF:138
LH:1
end_of_record
SF:lib/core/android_optimizations.dart
DA:12,0
DA:13,0
DA:19,0
DA:21,0
DA:22,0
DA:26,0
DA:32,0
DA:35,0
DA:38,0
DA:42,0
DA:46,0
DA:55,0
DA:57,0
DA:58,0
DA:59,0
DA:61,0
DA:66,0
DA:71,0
DA:72,0
DA:76,0
DA:77,0
DA:80,0
DA:82,0
LF:23
LH:0
end_of_record
SF:lib/core/bootstrap/app_bootstrap.dart
DA:36,0
DA:51,6
DA:75,0
DA:76,0
DA:81,0
DA:82,0
DA:86,0
DA:87,0
DA:88,0
DA:93,0
DA:95,0
DA:96,0
DA:97,0
DA:98,0
DA:101,0
DA:104,0
DA:106,0
DA:107,0
DA:110,0
DA:111,0
DA:118,0
DA:120,0
DA:125,0
DA:126,0
DA:129,0
DA:130,0
DA:138,0
DA:140,0
DA:142,0
DA:144,0
DA:148,0
DA:149,0
DA:151,0
DA:157,0
DA:159,0
DA:160,0
DA:171,0
DA:172,0
DA:173,0
DA:175,0
DA:176,0
DA:187,0
DA:188,0
DA:191,0
DA:192,0
DA:199,0
DA:204,0
DA:206,0
DA:207,0
DA:208,0
DA:209,0
DA:211,0
DA:213,0
DA:214,0
DA:221,0
DA:224,0
DA:225,0
DA:232,0
DA:233,0
DA:234,0
DA:237,0
DA:239,0
DA:241,0
DA:244,0
DA:245,0
DA:251,0
DA:252,0
DA:258,0
DA:259,0
DA:260,0
DA:261,0
DA:263,0
DA:265,0
DA:269,0
DA:270,0
DA:279,0
DA:280,0
DA:283,0
DA:285,0
DA:286,0
DA:292,0
DA:295,0
DA:297,0
DA:299,0
DA:300,0
DA:301,0
DA:305,0
DA:307,0
DA:309,0
DA:310,0
DA:321,0
DA:322,0
DA:324,0
DA:325,0
DA:327,0
DA:328,0
DA:329,0
DA:330,0
DA:331,0
DA:335,0
DA:336,0
DA:342,0
DA:343,0
DA:348,0
DA:363,0
DA:365,0
DA:366,0
DA:369,0
DA:382,0
DA:383,0
DA:386,0
DA:387,0
DA:388,0
DA:389,0
DA:397,0
LF:115
LH:1
end_of_record
SF:lib/core/config/environment_config.dart
DA:9,7
DA:38,0
DA:41,2
DA:44,0
DA:45,0
DA:46,0
DA:48,0
DA:49,0
DA:50,0
DA:51,0
DA:54,0
DA:55,0
DA:58,0
DA:72,0
DA:73,0
DA:74,0
DA:75,0
DA:77,0
DA:78,0
DA:80,0
DA:82,0
DA:84,0
DA:85,0
DA:86,0
DA:87,0
DA:88,0
DA:93,6
DA:97,6
DA:113,0
DA:114,0
DA:115,0
DA:116,0
DA:117,0
DA:118,0
DA:120,0
DA:121,0
DA:122,0
DA:129,0
DA:145,0
DA:146,0
DA:150,0
DA:151,0
DA:152,0
DA:154,0
DA:155,0
DA:156,0
DA:161,0
DA:163,0
DA:165,0
DA:167,0
DA:171,0
DA:173,0
DA:179,0
DA:185,0
DA:192,0
DA:194,0
DA:200,0
DA:202,0
DA:204,0
DA:206,0
DA:208,0
DA:210,0
DA:212,0
DA:214,0
DA:218,0
DA:220,0
DA:223,0
DA:224,0
DA:229,0
DA:234,0
DA:235,0
DA:237,0
DA:241,0
DA:243,0
DA:245,0
DA:246,0
DA:248,0
DA:249,0
DA:251,0
DA:253,0
DA:255,0
DA:256,0
DA:258,0
DA:260,0
DA:263,0
DA:265,0
DA:270,0
DA:273,0
DA:281,0
DA:286,0
DA:287,0
DA:289,0
DA:290,0
DA:292,0
DA:293,0
DA:300,0
DA:301,0
DA:303,0
DA:304,0
DA:306,0
DA:307,0
DA:319,0
DA:320,0
DA:321,0
DA:325,0
DA:326,0
DA:335,0
DA:336,0
DA:337,0
DA:338,0
DA:340,0
DA:341,0
DA:343,0
DA:344,0
DA:350,0
DA:355,0
DA:356,0
DA:357,0
DA:360,0
DA:365,0
DA:366,0
DA:367,0
DA:370,0
DA:372,0
LF:124
LH:4
end_of_record
SF:lib/core/feature_flags.dart
DA:6,27
DA:9,81
DA:10,54
DA:23,4
DA:25,8
DA:26,8
DA:29,6
DA:33,25
DA:34,50
DA:38,26
DA:39,52
DA:43,1
DA:49,6
DA:50,4
DA:51,3
DA:52,3
LF:16
LH:16
end_of_record
SF:lib/core/monitoring/app_logger.dart
DA:26,10
DA:30,75
DA:32,15
DA:39,30
DA:42,15
DA:43,9
DA:44,6
DA:46,9
DA:47,63
DA:48,9
DA:49,15
DA:51,15
DA:58,0
DA:59,0
DA:60,0
DA:64,7
DA:66,7
DA:67,7
DA:71,10
DA:73,10
DA:74,10
DA:78,5
DA:80,5
DA:81,5
DA:85,0
DA:87,0
DA:89,6
DA:96,6
DA:97,6
DA:101,0
DA:103,0
DA:104,0
DA:108,0
DA:116,4
DA:117,0
DA:119,0
DA:121,0
DA:123,0
DA:125,0
DA:132,0
DA:134,0
DA:141,6
DA:146,6
DA:149,16
LF:44
LH:28
end_of_record
SF:lib/core/monitoring/sentry_config.dart
DA:13,0
DA:16,0
DA:25,0
DA:27,0
DA:34,0
DA:40,0
DA:41,0
DA:46,0
DA:47,0
DA:53,0
DA:55,0
DA:56,0
DA:59,0
DA:60,0
DA:61,0
DA:62,0
DA:65,0
DA:66,0
DA:69,0
DA:72,0
DA:73,0
DA:74,0
DA:75,0
DA:78,0
DA:81,0
DA:82,0
DA:83,0
DA:86,0
DA:87,0
DA:91,0
DA:95,0
DA:101,0
DA:107,0
DA:108,0
DA:109,0
DA:110,0
DA:111,0
DA:112,0
DA:113,0
DA:118,0
DA:120,0
DA:121,0
DA:128,0
DA:129,0
DA:133,0
DA:135,0
DA:136,0
DA:138,0
DA:139,0
DA:143,0
DA:144,0
DA:151,0
DA:153,0
DA:154,0
DA:155,0
DA:156,0
DA:157,0
DA:163,0
DA:166,0
DA:175,0
DA:183,0
DA:184,0
DA:185,0
DA:187,0
DA:188,0
DA:195,0
DA:198,0
DA:199,0
DA:204,0
DA:212,0
DA:213,0
DA:218,0
DA:224,0
DA:231,0
DA:235,0
DA:244,0
DA:247,0
DA:249,0
DA:250,0
DA:255,0
DA:256,0
DA:261,0
LF:82
LH:0
end_of_record
SF:lib/firebase_options.dart
DA:34,0
LF:1
LH:0
end_of_record
SF:lib/core/config/firebase_environment_bridge.dart
DA:7,0
DA:10,0
DA:11,0
DA:15,0
DA:17,0
DA:18,0
DA:25,0
DA:27,0
DA:29,0
DA:31,0
DA:33,0
DA:35,0
DA:37,0
DA:39,0
DA:47,0
DA:49,0
DA:54,0
DA:55,0
DA:56,0
DA:57,0
DA:58,0
DA:59,0
DA:60,0
DA:61,0
DA:62,0
DA:63,0
DA:64,0
DA:66,0
DA:70,0
DA:71,0
DA:72,0
DA:74,0
DA:76,0
DA:78,0
DA:81,0
DA:82,0
DA:88,0
DA:97,0
DA:98,0
DA:99,0
DA:101,0
DA:103,0
DA:105,0
DA:107,0
DA:110,0
DA:111,0
DA:117,0
LF:47
LH:0
end_of_record
SF:lib/services/analytics/analytics_factory.dart
DA:13,6
DA:22,0
DA:27,0
DA:32,0
DA:33,0
DA:37,0
DA:40,0
DA:43,0
DA:45,0
DA:46,0
DA:47,0
DA:48,0
DA:57,22
DA:60,6
DA:66,0
LF:15
LH:3
end_of_record
SF:lib/services/analytics/analytics_service.dart
DA:110,0
DA:113,0
DA:116,0
DA:119,0
DA:126,0
DA:131,0
DA:132,0
DA:136,0
DA:137,0
DA:141,0
LF:10
LH:0
end_of_record
SF:lib/data/migrations/migration_tables_setup.dart
DA:9,1
DA:10,1
DA:11,0
DA:12,0
DA:16,1
DA:17,1
DA:34,0
DA:39,0
DA:46,0
DA:47,0
DA:64,0
DA:69,0
DA:76,0
DA:77,0
DA:99,0
DA:104,0
DA:112,0
DA:114,0
DA:116,0
DA:120,0
DA:121,0
DA:122,0
DA:129,0
DA:133,0
DA:142,0
DA:143,0
DA:146,0
DA:148,0
DA:152,0
DA:156,0
DA:159,0
DA:161,0
DA:165,0
DA:174,0
DA:175,0
DA:178,0
DA:179,0
DA:181,0
DA:182,0
DA:183,0
DA:184,0
DA:185,0
DA:186,0
DA:191,0
DA:192,0
DA:194,0
DA:195,0
DA:196,0
DA:197,0
DA:198,0
DA:199,0
DA:204,0
DA:205,0
DA:209,0
DA:210,0
DA:214,0
DA:215,0
DA:218,0
DA:219,0
DA:221,0
DA:223,0
DA:224,0
DA:226,0
DA:228,0
DA:233,0
DA:234,0
DA:235,0
DA:236,0
DA:239,0
DA:243,0
DA:246,0
DA:250,0
DA:252,0
DA:256,0
DA:259,0
DA:261,0
DA:262,0
DA:265,0
DA:273,0
DA:282,0
DA:283,0
DA:286,0
LF:82
LH:4
end_of_record
SF:lib/services/template_initialization_service.dart
DA:7,0
DA:8,0
DA:11,0
DA:13,0
DA:14,0
DA:17,0
DA:18,0
DA:19,0
DA:20,0
DA:21,0
DA:41,0
DA:42,0
DA:43,0
DA:44,0
DA:45,0
DA:46,0
DA:47,0
DA:48,0
DA:51,0
DA:52,0
DA:53,0
DA:54,0
DA:68,0
DA:69,0
DA:70,0
DA:71,0
DA:72,0
DA:73,0
DA:74,0
DA:75,0
DA:78,0
DA:79,0
DA:80,0
DA:81,0
DA:104,0
DA:105,0
DA:106,0
DA:107,0
DA:108,0
DA:109,0
DA:110,0
DA:111,0
DA:114,0
DA:115,0
DA:116,0
DA:117,0
DA:153,0
DA:154,0
DA:155,0
DA:156,0
DA:157,0
DA:158,0
DA:159,0
DA:160,0
DA:163,0
DA:164,0
DA:165,0
DA:166,0
DA:195,0
DA:196,0
DA:197,0
DA:198,0
DA:199,0
DA:200,0
DA:201,0
DA:202,0
DA:207,0
DA:208,0
LF:68
LH:0
end_of_record
SF:lib/core/bootstrap/bootstrap_error.dart
DA:20,1
DA:60,1
DA:61,2
DA:62,2
DA:65,1
DA:66,1
DA:68,1
DA:69,1
DA:71,1
DA:73,1
DA:75,1
DA:77,1
DA:79,1
DA:81,1
DA:83,1
DA:85,0
DA:91,0
DA:92,0
DA:93,0
DA:94,0
DA:96,0
DA:103,0
DA:107,0
DA:115,0
DA:116,0
DA:117,0
DA:118,0
DA:119,0
DA:120,0
DA:121,0
DA:122,0
DA:123,0
DA:124,0
DA:153,1
DA:165,1
DA:167,1
DA:168,5
DA:171,1
DA:173,3
DA:174,4
DA:176,2
DA:177,3
DA:178,1
DA:180,2
DA:187,0
DA:188,0
DA:192,0
DA:193,0
DA:199,1
DA:201,1
DA:202,0
DA:205,0
DA:214,1
DA:216,1
DA:217,1
DA:218,1
DA:225,1
DA:226,2
DA:230,3
DA:233,1
DA:234,4
DA:237,1
DA:238,5
DA:241,1
DA:242,6
DA:246,1
DA:247,6
DA:251,1
DA:252,2
DA:253,1
DA:254,1
DA:261,0
DA:262,0
DA:266,1
DA:267,1
DA:268,2
DA:269,5
DA:270,2
DA:271,3
DA:272,1
DA:273,1
DA:274,1
DA:275,4
LF:83
LH:57
end_of_record
SF:lib/core/bootstrap/bootstrap_providers.dart
DA:11,24
DA:12,6
DA:13,6
DA:14,6
DA:15,6
DA:16,6
DA:17,6
DA:19,6
DA:21,6
DA:33,0
DA:34,0
DA:37,0
DA:38,0
DA:41,24
DA:42,18
DA:45,20
DA:46,15
DA:49,0
DA:50,0
DA:53,0
DA:54,0
DA:57,0
DA:58,0
DA:61,0
DA:62,0
DA:65,0
DA:66,0
DA:69,0
DA:70,0
DA:73,0
DA:74,0
LF:31
LH:13
end_of_record
SF:lib/core/bootstrap/enhanced_app_bootstrap.dart
DA:18,0
DA:48,0
DA:49,0
DA:50,0
DA:51,0
DA:63,0
DA:67,0
DA:77,0
DA:78,0
DA:79,0
DA:80,0
DA:88,0
DA:89,0
DA:90,0
DA:91,0
DA:92,0
DA:94,0
DA:95,0
DA:103,0
DA:107,0
DA:110,0
DA:118,0
DA:119,0
DA:120,0
DA:122,0
DA:128,0
DA:129,0
DA:131,0
DA:134,0
DA:135,0
DA:138,0
DA:139,0
DA:140,0
DA:144,0
DA:145,0
DA:148,0
DA:149,0
DA:152,0
DA:153,0
DA:157,0
DA:158,0
DA:165,0
DA:166,0
DA:169,0
DA:170,0
DA:173,0
DA:174,0
DA:177,0
DA:180,0
DA:181,0
DA:182,0
DA:187,0
DA:195,0
DA:205,0
DA:210,0
DA:212,0
DA:213,0
DA:214,0
DA:215,0
DA:218,0
DA:219,0
DA:220,0
DA:223,0
DA:224,0
DA:226,0
DA:233,0
DA:234,0
DA:236,0
DA:237,0
DA:238,0
DA:240,0
DA:242,0
DA:248,0
DA:249,0
DA:251,0
DA:252,0
DA:253,0
DA:260,0
DA:264,0
DA:266,0
DA:267,0
DA:268,0
DA:269,0
DA:271,0
DA:272,0
DA:280,0
DA:281,0
DA:283,0
DA:284,0
DA:286,0
DA:287,0
DA:296,0
DA:300,0
DA:301,0
DA:302,0
DA:304,0
DA:305,0
DA:313,0
DA:315,0
DA:316,0
DA:317,0
DA:318,0
DA:319,0
DA:323,0
DA:324,0
DA:325,0
DA:326,0
DA:330,0
DA:331,0
DA:339,0
DA:340,0
DA:342,0
DA:343,0
DA:344,0
DA:351,0
DA:355,0
DA:357,0
DA:358,0
DA:359,0
DA:360,0
DA:362,0
DA:363,0
DA:364,0
DA:371,0
DA:375,0
DA:376,0
DA:380,0
DA:382,0
DA:383,0
DA:384,0
DA:388,0
DA:389,0
DA:390,0
DA:391,0
DA:392,0
DA:396,0
DA:397,0
DA:405,0
DA:414,0
DA:421,0
DA:422,0
DA:425,0
DA:430,0
DA:435,0
DA:439,0
DA:442,0
DA:443,0
DA:455,0
DA:458,0
DA:459,0
DA:469,0
DA:474,0
DA:475,0
DA:476,0
DA:478,0
DA:479,0
DA:480,0
DA:483,0
LF:158
LH:0
end_of_record
SF:lib/core/converters/task_converter.dart
DA:8,0
DA:9,0
DA:10,0
DA:11,0
DA:12,0
DA:13,0
DA:14,0
DA:15,0
DA:16,0
DA:17,0
DA:18,0
DA:19,0
DA:24,0
DA:25,0
DA:26,0
DA:27,0
DA:28,0
DA:29,0
DA:30,0
DA:31,0
DA:32,0
DA:33,0
DA:35,0
DA:36,0
DA:37,0
DA:38,0
DA:45,0
DA:46,0
DA:48,0
DA:49,0
DA:53,0
DA:54,0
DA:58,0
DA:59,0
DA:61,0
DA:62,0
DA:64,0
DA:69,0
DA:70,0
DA:72,0
DA:73,0
DA:75,0
DA:80,0
DA:82,0
DA:84,0
DA:86,0
DA:94,0
DA:96,0
DA:98,0
DA:100,0
DA:102,0
DA:108,0
DA:110,0
DA:112,0
DA:114,0
DA:116,0
DA:122,0
DA:124,0
DA:126,0
DA:128,0
DA:130,0
DA:136,0
DA:137,0
DA:138,0
DA:139,0
DA:140,0
DA:142,0
DA:147,0
DA:148,0
DA:149,0
DA:150,0
DA:151,0
DA:153,0
DA:158,0
DA:159,0
DA:160,0
DA:161,0
DA:162,0
DA:164,0
DA:169,0
DA:170,0
DA:172,0
DA:173,0
DA:174,0
DA:179,0
DA:183,0
DA:184,0
DA:186,0
DA:193,0
DA:194,0
DA:196,0
DA:197,0
DA:198,0
DA:199,0
DA:200,0
DA:201,0
DA:202,0
LF:97
LH:0
end_of_record
SF:lib/domain/entities/task.dart
DA:13,0
DA:26,0
DA:38,0
DA:39,0
DA:40,0
DA:41,0
DA:42,0
DA:43,0
DA:44,0
DA:45,0
DA:46,0
DA:47,0
DA:48,0
DA:52,0
DA:55,0
DA:56,0
DA:57,0
DA:58,0
DA:59,0
DA:60,0
DA:63,0
DA:65,0
DA:66,0
DA:67,0
DA:68,0
DA:69,0
DA:72,0
DA:74,0
LF:28
LH:0
[...]
DA:135,4
DA:136,2
DA:142,2
DA:143,2
DA:145,2
DA:148,2
DA:150,2
DA:151,2
DA:152,2
DA:154,2
DA:155,2
DA:156,2
DA:158,2
DA:159,4
DA:165,2
DA:166,2
DA:167,4
DA:168,6
DA:169,4
DA:180,2
DA:181,4
DA:182,6
DA:184,4
DA:189,4
DA:191,0
DA:192,0
DA:193,0
DA:194,0
DA:199,6
DA:201,2
DA:207,2
DA:208,2
DA:209,6
DA:210,6
DA:213,2
DA:226,8
DA:228,2
DA:229,2
DA:230,4
DA:231,2
DA:236,6
DA:237,2
DA:239,6
DA:244,4
DA:246,0
DA:247,0
DA:248,0
DA:249,0
DA:265,1
DA:273,1
DA:275,1
DA:278,1
DA:279,1
DA:280,1
DA:281,1
DA:282,1
DA:284,2
DA:285,1
DA:286,3
DA:301,1
DA:311,1
DA:313,1
DA:314,3
DA:316,1
DA:317,1
DA:318,1
DA:319,2
DA:320,1
DA:322,1
DA:323,1
DA:326,1
DA:327,1
DA:328,1
DA:329,1
DA:331,1
DA:332,1
DA:333,1
DA:335,1
DA:336,1
DA:342,1
DA:343,1
DA:345,1
DA:346,1
DA:347,1
DA:348,3
DA:349,2
DA:353,1
DA:354,2
DA:355,3
DA:356,2
DA:357,1
DA:366,1
DA:368,1
DA:369,1
DA:370,2
DA:371,3
DA:377,1
DA:379,1
DA:381,3
DA:382,2
DA:387,2
DA:388,1
DA:390,2
DA:392,0
DA:393,0
DA:399,1
DA:400,5
DA:401,2
DA:402,1
LF:134
LH:124
end_of_record
SF:lib/ui/widgets/charts/chart_builders.dart
DA:15,1
DA:26,0
DA:27,0
DA:28,0
DA:29,0
DA:31,0
DA:32,0
DA:33,0
DA:34,0
DA:35,0
DA:36,0
DA:37,0
DA:38,0
DA:39,0
DA:40,0
DA:65,1
DA:87,1
DA:95,1
DA:109,1
DA:117,1
DA:118,1
DA:119,1
DA:120,1
DA:121,2
DA:122,2
DA:123,2
DA:124,2
DA:125,2
DA:126,1
DA:131,0
DA:138,0
DA:139,0
DA:140,0
DA:141,0
DA:143,0
DA:144,0
DA:145,0
DA:150,0
DA:157,0
DA:161,0
DA:168,0
DA:174,0
DA:175,0
DA:176,0
DA:177,0
DA:178,0
DA:179,0
DA:182,0
DA:186,0
DA:190,0
DA:198,0
DA:200,0
DA:202,0
DA:203,0
DA:205,0
DA:206,0
DA:207,0
DA:208,0
DA:222,1
DA:223,1
DA:224,1
DA:225,1
DA:226,1
DA:227,1
DA:228,1
DA:229,0
DA:230,0
DA:231,0
DA:233,0
DA:234,0
DA:235,0
DA:240,1
DA:246,1
DA:248,1
DA:249,1
DA:252,0
DA:253,0
DA:254,0
DA:255,0
DA:257,0
DA:258,0
DA:259,0
DA:265,0
DA:268,1
DA:269,1
DA:272,0
DA:273,0
DA:274,0
DA:275,0
DA:276,0
DA:277,0
DA:282,0
DA:283,0
DA:284,0
DA:297,1
DA:298,1
DA:300,1
DA:301,1
DA:307,1
DA:312,1
DA:314,1
DA:315,1
DA:316,1
DA:317,1
DA:319,1
DA:320,1
DA:321,0
DA:322,0
DA:323,0
DA:324,0
DA:330,1
DA:332,2
DA:337,1
DA:339,1
DA:343,1
DA:345,1
DA:346,0
DA:347,0
DA:348,0
DA:349,0
DA:350,0
DA:351,0
DA:355,0
DA:361,0
DA:362,0
DA:363,0
DA:366,0
DA:368,0
DA:369,0
DA:370,0
DA:371,0
DA:372,0
DA:373,0
DA:382,1
DA:383,1
DA:384,6
DA:387,1
DA:388,1
DA:389,6
DA:392,1
DA:393,1
DA:394,6
DA:397,1
DA:398,1
DA:399,6
LF:145
LH:58
end_of_record
SF:lib/ui/widgets/folders/folder_item_base.dart
DA:18,2
DA:34,2
DA:35,4
DA:37,4
DA:40,4
DA:41,0
DA:43,2
DA:46,2
DA:54,2
DA:55,2
DA:56,6
DA:57,2
DA:59,6
DA:62,2
DA:63,4
DA:71,2
DA:72,6
DA:76,2
DA:77,2
DA:79,2
DA:81,2
DA:82,2
DA:83,0
DA:84,2
DA:85,2
DA:87,2
DA:88,4
DA:89,6
DA:91,4
DA:99,2
DA:100,4
DA:104,2
DA:105,2
DA:106,2
DA:107,2
DA:109,6
DA:115,2
DA:116,6
DA:120,0
DA:121,0
DA:124,0
DA:125,0
DA:126,0
DA:127,0
DA:130,0
DA:132,0
DA:133,0
DA:134,0
DA:135,0
DA:138,0
DA:139,0
DA:141,0
DA:142,0
DA:154,0
DA:155,0
DA:173,0
DA:174,0
DA:175,0
DA:177,0
DA:179,0
DA:181,0
DA:183,0
DA:185,0
DA:195,2
DA:210,2
DA:212,2
DA:213,2
DA:215,2
DA:216,6
DA:217,2
DA:218,2
DA:219,0
DA:221,2
DA:222,0
DA:223,0
DA:224,0
DA:230,2
DA:233,2
DA:235,2
DA:236,2
DA:238,2
DA:241,2
DA:242,2
DA:244,2
DA:245,2
DA:246,2
DA:249,2
DA:250,2
DA:258,1
DA:267,1
DA:269,1
DA:271,1
DA:272,1
DA:274,1
DA:275,1
DA:276,1
DA:277,1
DA:278,3
DA:283,1
DA:284,1
DA:285,0
DA:288,1
DA:289,1
DA:290,2
DA:291,1
DA:293,0
DA:294,1
DA:295,1
DA:296,1
DA:297,2
DA:298,3
DA:300,1
DA:301,2
DA:302,3
DA:303,2
LF:115
LH:82
end_of_record
SF:lib/ui/widgets/settings/settings_components.dart
DA:15,2
DA:28,2
DA:30,2
DA:31,2
DA:33,2
DA:34,0
DA:35,4
DA:37,2
DA:38,0
DA:39,2
DA:40,2
DA:41,0
DA:43,2
DA:44,2
DA:45,2
DA:46,2
DA:47,2
DA:49,0
DA:52,2
DA:53,2
DA:54,6
DA:58,2
DA:59,1
DA:60,1
DA:61,3
DA:62,1
DA:66,2
DA:67,1
DA:68,1
DA:70,2
DA:73,4
DA:74,2
DA:91,1
DA:100,1
DA:102,1
DA:103,1
DA:104,3
DA:105,3
DA:109,1
DA:110,1
DA:111,1
DA:113,1
DA:114,2
DA:115,1
DA:117,1
DA:118,2
DA:123,1
DA:125,1
DA:126,1
DA:145,2
DA:156,2
DA:158,2
DA:159,2
DA:160,2
DA:161,2
DA:162,2
DA:163,2
DA:164,2
DA:165,2
DA:166,4
DA:168,2
DA:184,0
DA:196,0
DA:198,0
DA:199,0
DA:200,0
DA:201,0
DA:202,0
DA:203,0
DA:204,0
DA:205,0
DA:206,0
DA:207,0
DA:209,0
DA:228,0
DA:243,0
DA:245,0
DA:246,0
DA:248,0
DA:249,0
DA:250,0
DA:251,0
DA:252,0
DA:253,0
DA:254,0
DA:255,0
DA:256,0
DA:258,0
DA:259,0
DA:264,0
DA:266,0
DA:267,0
DA:268,0
DA:269,0
DA:270,0
DA:272,0
DA:290,0
DA:301,0
DA:303,0
DA:305,0
DA:306,0
DA:307,0
DA:308,0
DA:309,0
DA:310,0
DA:311,0
DA:312,0
DA:314,0
DA:315,0
DA:316,0
DA:318,0
DA:319,0
DA:320,0
DA:322,0
DA:323,0
DA:324,0
DA:325,0
DA:332,0
DA:334,0
DA:350,1
DA:359,1
DA:361,1
DA:362,1
DA:364,1
DA:366,1
DA:367,1
DA:368,1
DA:369,1
DA:371,1
DA:372,1
DA:373,1
DA:375,1
DA:377,1
DA:378,1
DA:379,1
DA:380,5
DA:381,3
DA:382,1
DA:388,1
DA:389,1
DA:391,1
DA:392,1
DA:393,1
DA:394,3
DA:399,1
DA:400,1
DA:401,3
DA:402,1
DA:408,1
DA:409,0
DA:410,1
DA:411,1
DA:414,2
DA:431,1
DA:439,1
DA:441,1
DA:443,4
DA:445,1
DA:446,1
DA:447,1
DA:449,1
DA:450,1
DA:451,1
DA:452,1
DA:453,3
DA:454,2
DA:458,1
DA:460,3
DA:462,3
LF:169
LH:106
end_of_record
SF:lib/ui/widgets/shared/dialog_actions.dart
DA:19,1
DA:33,1
DA:35,1
DA:36,1
DA:40,1
DA:41,0
DA:42,1
DA:43,1
DA:44,1
DA:45,2
DA:51,1
DA:52,0
DA:53,1
DA:54,1
DA:55,1
DA:56,1
DA:57,1
DA:61,1
DA:62,2
DA:64,2
DA:69,1
DA:70,1
DA:72,3
DA:74,1
DA:76,1
DA:77,1
DA:86,0
DA:93,0
DA:103,0
DA:110,0
DA:121,0
DA:127,0
DA:137,0
DA:142,0
LF:34
LH:24
end_of_record
SF:lib/ui/widgets/shared/dialog_header.dart
DA:17,1
DA:29,1
DA:31,1
DA:32,1
DA:34,1
DA:35,3
DA:39,2
DA:41,1
DA:43,1
DA:44,1
DA:45,2
DA:46,1
DA:47,1
DA:53,1
DA:54,1
DA:55,1
DA:61,1
DA:63,0
DA:65,2
DA:67,1
DA:68,1
DA:78,3
DA:79,0
DA:85,1
DA:86,0
DA:88,0
DA:102,0
DA:103,0
DA:107,0
DA:112,0
DA:120,0
DA:125,0
DA:133,0
DA:138,0
DA:147,0
DA:151,0
DA:160,0
DA:164,0
LF:38
LH:22
end_of_record
SF:lib/ui/widgets/tasks/base_task_widget.dart
DA:25,0
DA:54,0
DA:66,0
DA:67,0
DA:68,0
DA:70,0
DA:72,0
DA:73,0
DA:74,0
DA:78,0
DA:79,0
DA:83,0
DA:85,0
DA:89,0
DA:100,0
DA:101,0
DA:105,0
DA:106,0
DA:108,0
DA:109,0
DA:110,0
DA:119,0
DA:120,0
DA:124,0
DA:125,0
DA:126,0
DA:128,0
DA:129,0
DA:130,0
DA:132,0
DA:141,0
DA:142,0
DA:144,0
DA:148,0
DA:150,0
DA:151,0
DA:154,0
DA:155,0
DA:157,0
DA:158,0
DA:159,0
DA:164,0
DA:165,0
DA:166,0
DA:168,0
DA:170,0
DA:171,0
DA:177,0
DA:179,0
DA:182,0
DA:193,0
DA:194,0
DA:195,0
DA:197,0
DA:198,0
DA:199,0
DA:202,0
DA:211,0
DA:212,0
DA:217,0
DA:218,0
DA:219,0
DA:221,0
DA:226,0
DA:227,0
DA:228,0
DA:230,0
DA:232,0
DA:233,0
DA:236,0
DA:239,0
DA:243,0
DA:244,0
DA:245,0
DA:255,0
DA:257,0
DA:259,0
DA:261,0
DA:263,0
DA:265,0
DA:266,0
DA:271,0
DA:273,0
DA:275,0
DA:277,0
DA:279,0
DA:281,0
DA:287,0
DA:289,0
DA:291,0
DA:293,0
DA:295,0
DA:297,0
DA:303,0
DA:304,0
DA:305,0
DA:306,0
DA:310,0
DA:311,0
DA:312,0
DA:314,0
DA:325,0
DA:326,0
DA:342,0
DA:345,0
LF:105
LH:0
end_of_record
SF:lib/ui/widgets/tasks/task_widget_factory.dart
DA:23,2
DA:34,2
DA:38,2
DA:39,2
DA:48,0
DA:49,0
DA:52,0
DA:53,0
DA:59,0
DA:60,0
DA:66,0
DA:67,0
DA:77,0
DA:85,0
DA:88,0
DA:90,0
DA:92,0
DA:103,0
DA:108,0
DA:110,0
DA:112,0
DA:113,0
DA:114,0
DA:115,0
DA:118,0
DA:122,0
DA:123,0
DA:124,0
DA:126,0
DA:127,0
DA:128,0
DA:130,0
DA:131,0
DA:132,0
DA:134,0
DA:135,0
DA:136,0
DA:137,0
DA:142,0
DA:143,0
DA:145,0
DA:148,0
DA:150,0
DA:153,0
DA:161,0
DA:162,0
DA:163,0
DA:164,0
DA:167,0
DA:176,0
DA:177,0
DA:180,0
DA:184,0
DA:185,0
DA:187,0
DA:190,0
DA:192,0
DA:201,0
DA:203,0
DA:205,0
DA:207,0
DA:209,0
DA:211,0
DA:212,0
LF:64
LH:4
end_of_record
SF:lib/ui/widgets/tasks/task_tree_node.dart
DA:19,0
DA:28,0
DA:31,0
DA:32,0
DA:38,0
DA:40,0
DA:41,0
DA:44,0
DA:46,0
DA:47,0
DA:48,0
DA:49,0
DA:52,0
DA:53,0
DA:54,0
DA:57,0
DA:61,0
DA:63,0
DA:64,0
DA:65,0
DA:66,0
DA:68,0
DA:70,0
DA:72,0
DA:73,0
DA:74,0
DA:77,0
DA:78,0
DA:79,0
DA:80,0
DA:81,0
DA:84,0
DA:86,0
DA:87,0
DA:88,0
DA:89,0
DA:92,0
DA:93,0
DA:95,0
DA:96,0
DA:97,0
DA:98,0
DA:102,0
DA:103,0
DA:104,0
DA:113,0
DA:118,0
DA:119,0
DA:120,0
DA:123,0
DA:124,0
DA:128,0
DA:129,0
DA:130,0
DA:131,0
DA:138,0
DA:141,0
DA:144,0
DA:145,0
DA:147,0
DA:148,0
DA:149,0
DA:150,0
DA:151,0
DA:154,0
DA:155,0
DA:161,0
DA:162,0
DA:163,0
DA:165,0
DA:167,0
DA:168,0
DA:169,0
DA:170,0
DA:171,0
DA:173,0
DA:182,0
DA:183,0
DA:187,0
DA:189,0
DA:191,0
DA:192,0
DA:194,0
DA:195,0
DA:197,0
DA:198,0
DA:200,0
DA:201,0
DA:205,0
DA:219,0
DA:221,0
DA:236,0
DA:237,0
DA:239,0
DA:240,0
DA:241,0
DA:247,0
DA:248,0
DA:249,0
DA:251,0
DA:252,0
DA:253,0
DA:255,0
DA:257,0
DA:258,0
DA:260,0
DA:261,0
DA:262,0
DA:272,0
DA:273,0
DA:274,0
DA:276,0
DA:278,0
DA:280,0
DA:281,0
DA:282,0
DA:284,0
DA:286,0
DA:287,0
DA:289,0
DA:290,0
DA:291,0
DA:301,0
DA:303,0
DA:304,0
DA:306,0
DA:308,0
DA:309,0
DA:310,0
DA:311,0
DA:312,0
DA:313,0
DA:315,0
DA:316,0
DA:317,0
DA:322,0
DA:323,0
DA:324,0
DA:326,0
DA:328,0
DA:336,0
DA:337,0
DA:338,0
DA:341,0
DA:342,0
DA:343,0
DA:346,0
DA:356,0
DA:357,0
DA:359,0
DA:361,0
DA:363,0
DA:365,0
DA:366,0
DA:367,0
DA:369,0
DA:371,0
DA:372,0
DA:373,0
DA:374,0
DA:377,0
DA:383,0
DA:384,0
DA:386,0
DA:387,0
DA:388,0
DA:393,0
DA:394,0
DA:395,0
DA:398,0
DA:399,0
DA:400,0
DA:401,0
DA:410,0
DA:412,0
DA:414,0
DA:416,0
DA:418,0
DA:420,0
DA:421,0
DA:425,0
DA:427,0
DA:429,0
DA:431,0
DA:433,0
DA:435,0
LF:186
LH:0
end_of_record
SF:lib/services/ai_insights_service.dart
DA:12,0
DA:19,0
DA:20,0
DA:34,0
DA:39,0
DA:42,0
DA:45,0
DA:46,0
DA:47,0
DA:48,0
DA:49,0
DA:50,0
DA:51,0
DA:53,0
DA:55,0
DA:56,0
DA:57,0
DA:61,0
DA:71,0
DA:75,0
DA:76,0
DA:82,0
DA:83,0
DA:86,0
DA:87,0
DA:89,0
DA:94,0
DA:98,0
DA:99,0
DA:100,0
DA:101,0
DA:102,0
DA:105,0
DA:109,0
DA:110,0
DA:112,0
DA:116,0
DA:117,0
DA:120,0
DA:121,0
DA:123,0
DA:128,0
DA:132,0
DA:133,0
DA:137,0
DA:138,0
DA:141,0
DA:142,0
DA:143,0
DA:144,0
DA:149,0
DA:153,0
DA:154,0
DA:158,0
DA:159,0
DA:161,0
DA:165,0
DA:166,0
DA:169,0
DA:170,0
DA:172,0
DA:174,0
DA:175,0
DA:181,0
DA:185,0
DA:186,0
DA:190,0
DA:192,0
DA:194,0
DA:198,0
DA:199,0
DA:201,0
DA:205,0
DA:206,0
DA:209,0
DA:210,0
DA:212,0
DA:217,0
DA:221,0
DA:222,0
DA:226,0
DA:227,0
DA:231,0
DA:232,0
DA:235,0
DA:236,0
DA:238,0
DA:240,0
DA:246,0
DA:250,0
DA:251,0
DA:255,0
DA:256,0
DA:259,0
DA:261,0
DA:266,0
DA:267,0
DA:271,0
DA:272,0
DA:273,0
DA:276,0
DA:286,0
DA:289,0
DA:292,0
DA:293,0
DA:296,0
LF:106
LH:0
end_of_record
SF:lib/core/config/config_validator.dart
DA:7,1
DA:19,0
DA:20,0
DA:21,0
DA:23,0
DA:24,0
DA:25,0
DA:26,0
DA:27,0
DA:33,1
DA:44,3
DA:45,1
DA:46,1
DA:47,1
DA:48,1
DA:49,1
DA:50,1
DA:51,1
DA:55,1
DA:56,1
DA:57,1
DA:58,1
DA:61,1
DA:62,1
DA:63,1
DA:70,1
DA:71,0
DA:75,1
DA:78,1
DA:81,1
DA:84,1
DA:86,1
DA:87,2
DA:94,1
DA:102,1
DA:103,0
DA:104,0
DA:109,1
DA:111,0
DA:116,3
DA:117,1
DA:118,1
DA:123,3
DA:124,2
DA:128,3
DA:129,0
DA:133,1
DA:134,0
DA:135,0
DA:141,1
DA:142,1
DA:143,0
DA:149,2
DA:150,1
DA:154,0
DA:160,0
DA:162,0
DA:164,0
DA:169,0
DA:170,0
DA:174,0
DA:175,0
DA:179,0
DA:180,0
DA:184,1
DA:189,1
DA:191,2
DA:192,2
DA:193,1
DA:199,2
DA:200,2
DA:201,1
DA:207,2
DA:208,2
DA:209,1
DA:210,2
DA:213,2
DA:214,0
DA:215,0
DA:222,1
DA:228,1
DA:229,1
DA:230,1
DA:231,1
DA:232,1
DA:235,2
DA:236,1
DA:238,0
DA:239,0
DA:240,0
DA:241,0
DA:248,1
DA:249,1
DA:253,1
DA:258,2
DA:259,1
DA:260,1
DA:262,1
DA:263,1
DA:265,1
DA:266,1
DA:271,2
DA:272,0
DA:273,0
DA:278,1
DA:283,2
DA:284,0
DA:285,0
DA:288,2
DA:289,0
DA:290,0
DA:294,1
DA:295,2
DA:296,1
DA:300,1
DA:301,1
DA:302,1
DA:303,1
DA:304,1
DA:307,0
DA:309,0
DA:310,0
DA:311,0
DA:312,0
DA:319,1
DA:320,1
DA:329,3
DA:332,0
DA:333,0
DA:336,0
DA:342,0
DA:343,0
DA:344,0
DA:346,0
DA:350,0
DA:353,0
DA:354,0
DA:355,0
DA:356,0
DA:357,0
DA:364,0
DA:365,0
DA:368,0
DA:369,0
DA:370,0
DA:374,0
DA:375,0
DA:376,0
DA:379,0
DA:380,0
DA:382,0
DA:383,0
DA:384,0
DA:385,0
DA:386,0
DA:396,0
DA:398,0
DA:401,0
DA:402,0
DA:403,0
DA:404,0
DA:409,0
DA:410,0
DA:411,0
DA:412,0
DA:415,0
DA:416,0
DA:417,0
DA:418,0
DA:419,0
LF:170
LH:84
end_of_record
SF:lib/core/repository/base_repository.dart
DA:8,1
DA:22,1
DA:29,1
DA:30,1
DA:31,1
DA:32,1
DA:33,0
DA:34,1
DA:42,1
DA:46,1
DA:54,2
DA:56,1
DA:60,1
DA:61,2
DA:63,2
DA:67,2
DA:69,0
DA:70,0
DA:71,0
DA:73,0
DA:77,2
DA:82,1
DA:96,1
DA:97,3
DA:188,0
DA:200,0
DA:201,0
DA:225,0
DA:239,0
DA:240,0
DA:241,0
DA:279,0
DA:287,0
DA:291,0
DA:296,0
DA:303,0
DA:304,0
DA:306,0
DA:307,0
DA:308,0
DA:317,0
DA:319,0
DA:320,0
DA:321,0
DA:322,0
DA:323,0
DA:324,0
DA:326,0
DA:331,0
DA:334,0
DA:335,0
DA:336,0
DA:337,0
DA:340,0
DA:341,0
DA:342,0
DA:343,0
LF:57
LH:19
end_of_record
SF:lib/core/repository/cache_manager.dart
DA:9,1
DA:23,1
DA:24,1
DA:25,3
DA:28,0
DA:30,0
DA:37,0
DA:38,0
DA:39,0
DA:40,0
DA:41,0
DA:42,0
DA:65,1
DA:80,1
DA:93,1
DA:94,2
DA:97,4
DA:101,1
DA:102,2
DA:103,4
DA:107,4
DA:108,1
DA:109,1
DA:113,1
DA:121,7
DA:122,1
DA:125,1
DA:127,0
DA:128,3
DA:129,3
DA:132,3
DA:140,1
DA:144,1
DA:151,1
DA:157,1
DA:158,1
DA:163,1
DA:164,2
DA:166,1
DA:167,0
DA:174,1
DA:175,2
DA:176,2
DA:177,2
DA:181,1
DA:182,2
DA:183,2
DA:184,2
DA:185,1
DA:186,1
DA:190,1
DA:191,1
DA:192,3
DA:193,2
DA:194,2
DA:197,2
DA:198,1
DA:203,1
DA:204,1
DA:205,2
DA:206,2
DA:207,1
DA:208,1
DA:209,3
DA:214,1
DA:215,1
DA:216,1
DA:220,0
DA:223,3
DA:226,6
DA:229,0
DA:230,0
DA:231,0
DA:232,0
DA:233,0
DA:234,0
DA:235,0
DA:236,0
DA:237,0
DA:238,0
DA:239,0
DA:240,0
DA:241,0
DA:245,1
DA:246,2
DA:247,1
DA:248,2
DA:249,2
DA:251,1
DA:252,0
DA:254,1
DA:255,2
DA:256,2
DA:259,0
DA:265,1
DA:268,2
DA:269,1
DA:270,4
DA:273,1
DA:274,0
DA:276,0
DA:277,0
DA:278,0
DA:279,0
DA:285,1
DA:286,4
DA:289,0
DA:292,0
DA:294,0
DA:295,0
DA:296,0
DA:303,1
DA:311,1
DA:325,8
DA:326,6
DA:328,2
DA:329,1
DA:330,1
DA:331,1
DA:332,1
DA:333,1
DA:334,1
DA:335,1
DA:341,0
DA:344,0
DA:368,0
DA:370,0
DA:376,0
DA:379,0
DA:386,0
DA:387,0
DA:388,0
DA:392,0
DA:393,0
DA:394,0
DA:398,0
DA:399,0
DA:400,0
DA:404,0
DA:411,0
DA:417,0
DA:418,0
DA:425,1
DA:431,1
DA:432,2
DA:433,4
DA:437,1
DA:438,2
DA:439,2
DA:440,5
DA:441,2
DA:447,0
DA:448,0
DA:449,0
DA:453,0
DA:456,0
DA:457,0
LF:157
LH:96
end_of_record
SF:lib/services/unified_import_service.dart
DA:28,0
DA:30,0
DA:31,0
DA:53,2
DA:54,4
DA:55,6
DA:65,2
DA:101,2
DA:121,0
DA:122,0
DA:123,0
DA:128,2
DA:132,4
DA:142,2
DA:146,4
DA:149,8
DA:152,6
DA:153,2
DA:156,0
DA:162,0
DA:167,2
DA:169,2
DA:170,1
DA:180,2
DA:183,2
DA:185,2
DA:186,2
DA:187,2
DA:188,2
DA:189,2
DA:190,2
DA:191,2
DA:192,2
DA:193,2
DA:194,2
DA:197,0
DA:198,0
DA:199,0
DA:205,0
DA:206,0
DA:212,1
DA:220,1
DA:222,2
DA:223,1
DA:224,2
DA:225,2
DA:226,2
DA:227,2
DA:228,2
DA:231,1
DA:232,1
DA:242,0
DA:247,0
DA:249,0
DA:256,0
DA:260,0
DA:261,0
DA:262,0
DA:263,0
DA:265,0
DA:269,0
DA:270,0
DA:272,0
DA:275,0
DA:283,2
DA:285,2
DA:286,1
DA:287,2
DA:288,1
DA:289,1
DA:290,0
DA:291,1
DA:292,1
DA:293,0
DA:294,1
DA:295,0
DA:296,1
DA:297,1
DA:298,0
DA:299,0
DA:300,0
DA:301,0
DA:306,2
DA:308,2
DA:309,2
DA:312,4
DA:314,4
DA:315,4
DA:317,2
DA:318,2
DA:320,4
DA:321,6
DA:324,2
DA:325,2
DA:326,2
DA:327,4
DA:328,4
DA:332,2
DA:333,2
DA:334,0
DA:335,0
DA:336,0
DA:337,0
DA:341,4
DA:342,2
DA:351,3
DA:352,0
DA:353,0
DA:356,0
DA:357,0
DA:364,0
DA:365,0
DA:370,0
DA:372,0
DA:373,0
DA:375,0
DA:378,0
DA:379,0
DA:380,0
DA:381,0
DA:386,0
DA:388,0
DA:389,0
DA:392,0
DA:393,0
DA:394,0
DA:399,0
DA:405,0
DA:406,0
DA:411,0
DA:413,0
DA:414,0
DA:416,0
DA:419,0
DA:420,0
DA:423,0
DA:424,0
DA:425,0
DA:427,0
DA:428,0
DA:429,0
DA:432,0
DA:433,0
DA:434,0
DA:435,0
DA:436,0
DA:437,0
DA:438,0
DA:439,0
DA:440,0
DA:441,0
DA:442,0
DA:444,0
DA:449,0
DA:450,0
DA:452,0
DA:457,0
DA:458,0
DA:463,0
DA:465,0
DA:466,0
DA:469,0
DA:470,0
DA:471,0
DA:472,0
DA:474,0
DA:475,0
DA:476,0
DA:479,0
DA:480,0
DA:483,0
DA:484,0
DA:486,0
DA:489,0
DA:492,0
DA:501,0
DA:504,0
DA:508,0
DA:509,0
DA:514,1
DA:516,1
DA:517,1
DA:518,1
DA:520,1
DA:522,2
DA:523,3
DA:524,3
DA:527,1
DA:530,1
DA:531,1
DA:532,1
DA:533,0
DA:537,3
DA:538,3
DA:541,2
DA:542,0
DA:543,0
DA:545,2
DA:551,1
DA:552,0
DA:553,0
DA:561,0
DA:562,0
DA:567,0
DA:570,0
DA:573,0
DA:575,0
DA:576,0
DA:577,0
DA:578,0
DA:579,0
DA:580,0
DA:583,0
DA:584,0
DA:585,0
DA:588,0
DA:593,0
DA:594,0
DA:599,0
DA:600,0
DA:601,0
DA:605,0
DA:606,0
DA:608,0
DA:609,0
DA:610,0
DA:613,0
DA:614,0
DA:617,0
DA:618,0
DA:619,0
DA:620,0
DA:623,0
DA:624,0
DA:629,0
DA:631,0
DA:632,0
DA:637,0
DA:642,1
DA:645,2
DA:646,1
DA:647,1
DA:648,1
DA:649,1
DA:650,1
DA:651,2
DA:652,2
DA:653,2
DA:654,2
DA:655,2
DA:656,2
DA:657,2
DA:658,1
DA:662,0
DA:663,0
DA:664,0
DA:666,0
DA:667,0
DA:668,0
DA:669,0
DA:670,0
DA:671,0
DA:672,0
DA:681,0
DA:682,0
DA:683,0
DA:684,0
DA:685,0
DA:687,0
DA:688,0
DA:689,0
DA:690,0
DA:692,0
DA:693,0
DA:694,0
DA:695,0
DA:696,0
DA:697,0
DA:698,0
DA:699,0
DA:700,0
DA:701,0
DA:702,0
DA:703,0
DA:704,0
DA:705,0
DA:710,0
DA:711,0
DA:714,0
DA:716,0
DA:717,0
DA:718,0
DA:720,0
DA:721,0
DA:722,0
DA:724,0
DA:729,0
DA:733,2
DA:740,2
DA:741,2
DA:745,8
DA:746,8
DA:748,4
DA:751,2
DA:752,0
DA:754,0
DA:760,2
DA:761,4
DA:762,0
DA:763,0
DA:764,0
DA:765,0
DA:767,0
DA:772,2
DA:773,2
DA:774,4
DA:775,2
DA:777,2
DA:778,0
DA:780,4
DA:783,2
DA:784,2
DA:785,2
DA:788,2
DA:789,6
DA:790,6
DA:793,2
DA:795,0
DA:796,0
DA:797,0
DA:802,2
DA:803,2
DA:804,2
DA:809,2
DA:812,0
DA:813,0
DA:815,0
DA:818,0
DA:819,0
DA:820,0
DA:826,0
DA:828,0
DA:829,0
DA:831,0
DA:832,0
DA:834,0
DA:835,0
DA:838,0
DA:844,0
DA:846,0
DA:847,0
DA:848,0
DA:849,0
DA:852,0
DA:853,0
DA:854,0
DA:861,0
DA:862,0
DA:867,0
DA:868,0
DA:872,0
DA:879,0
DA:882,0
DA:883,0
DA:886,0
DA:887,0
DA:888,0
DA:889,0
DA:890,0
DA:891,0
DA:893,0
DA:897,0
DA:898,0
DA:903,2
DA:913,4
DA:915,6
DA:917,2
DA:918,2
DA:919,4
DA:928,2
DA:934,2
DA:935,2
DA:936,2
DA:937,2
DA:938,2
DA:939,2
DA:940,4
DA:941,0
DA:942,0
DA:943,2
DA:944,2
DA:948,0
DA:949,0
DA:951,0
DA:952,0
DA:953,0
DA:954,0
DA:955,0
DA:956,0
DA:959,0
DA:963,0
DA:964,0
DA:967,0
DA:973,0
DA:976,0
DA:980,0
DA:986,2
DA:989,1
DA:991,1
DA:994,1
DA:1002,0
DA:1004,0
DA:1011,2
DA:1013,6
DA:1014,4
DA:1015,2
DA:1016,2
DA:1017,2
DA:1018,2
DA:1019,2
DA:1020,2
DA:1021,2
DA:1024,0
DA:1030,8
DA:1031,4
DA:1032,4
DA:1034,2
LF:427
LH:161
end_of_record
SF:lib/domain/entities/inbox_item.dart
DA:21,0
DA:33,0
DA:34,0
DA:37,0
DA:38,0
DA:39,0
DA:40,0
DA:41,0
DA:42,0
DA:45,0
DA:46,0
DA:47,0
DA:48,0
DA:49,0
DA:50,0
DA:54,0
DA:55,0
DA:56,0
DA:58,0
DA:59,0
DA:62,0
DA:63,0
DA:64,0
DA:65,0
DA:68,0
DA:78,0
DA:79,0
DA:80,0
DA:81,0
DA:82,0
DA:83,0
DA:84,0
DA:85,0
DA:86,0
DA:90,0
DA:93,0
DA:94,0
DA:95,0
DA:97,0
DA:98,0
LF:40
LH:0
end_of_record
SF:lib/core/models/unified_task.dart
DA:28,0
DA:29,0
DA:30,0
DA:31,0
DA:32,0
DA:40,0
DA:41,0
DA:42,0
DA:48,0
DA:50,0
DA:51,0
DA:53,0
DA:54,0
DA:56,0
DA:57,0
DA:59,0
DA:62,0
DA:63,0
DA:65,0
DA:66,0
DA:68,0
DA:69,0
DA:71,0
DA:72,0
DA:74,0
DA:75,0
DA:77,0
DA:78,0
DA:80,0
DA:83,0
DA:86,0
DA:87,0
DA:89,0
DA:92,0
DA:93,0
DA:95,0
DA:96,0
DA:98,0
DA:99,0
DA:101,0
DA:102,0
DA:104,0
DA:105,0
DA:106,0
DA:107,0
DA:108,0
DA:110,0
DA:113,0
DA:114,0
DA:115,0
DA:117,0
DA:118,0
DA:119,0
DA:120,0
DA:123,0
DA:126,0
DA:128,0
DA:129,0
DA:135,0
DA:137,0
DA:138,0
DA:140,0
DA:141,0
DA:143,0
DA:144,0
DA:146,0
DA:147,0
DA:149,0
DA:150,0
DA:152,0
DA:153,0
DA:155,0
DA:156,0
DA:158,0
DA:159,0
DA:161,0
DA:162,0
DA:164,0
DA:167,0
DA:170,0
DA:173,0
DA:174,0
DA:176,0
DA:177,0
DA:179,0
DA:180,0
DA:182,0
DA:183,0
DA:185,0
DA:186,0
DA:188,0
DA:189,0
DA:190,0
DA:191,0
DA:192,0
DA:193,0
DA:196,0
DA:197,0
DA:198,0
DA:201,0
DA:203,0
DA:204,0
DA:208,0
DA:209,0
DA:214,0
DA:215,0
DA:217,0
DA:220,0
DA:222,0
DA:223,0
DA:233,0
DA:240,0
DA:246,0
DA:247,0
DA:248,0
DA:249,0
DA:250,0
LF:117
LH:0
end_of_record
SF:lib/services/quick_capture_service.dart
DA:10,0
DA:12,0
DA:13,0
DA:23,1
DA:39,0
DA:66,1
DA:68,1
DA:81,0
DA:89,0
DA:100,1
DA:101,1
DA:105,1
DA:108,2
DA:109,3
DA:111,0
DA:117,1
DA:126,1
DA:127,0
DA:134,2
DA:135,1
DA:142,1
DA:143,1
DA:144,4
DA:148,1
DA:149,1
DA:150,1
DA:151,1
DA:152,3
DA:153,1
DA:157,2
DA:160,1
DA:166,0
DA:167,0
DA:168,0
DA:182,3
DA:185,1
DA:186,1
DA:189,1
DA:191,0
DA:195,0
DA:198,0
DA:200,0
DA:206,0
DA:207,0
DA:208,0
DA:209,0
DA:210,0
DA:211,0
DA:212,0
DA:217,1
DA:220,2
DA:221,0
DA:222,0
DA:226,2
DA:229,1
DA:230,1
DA:231,0
DA:232,0
DA:233,0
DA:234,0
DA:235,0
DA:236,0
DA:237,0
DA:238,0
DA:239,0
DA:240,0
DA:241,0
DA:242,0
DA:247,2
DA:248,2
DA:252,0
DA:254,0
DA:259,0
DA:260,0
DA:263,0
DA:264,0
DA:266,0
DA:272,1
DA:273,2
DA:277,1
DA:279,2
DA:281,0
DA:286,1
DA:288,2
DA:290,0
DA:295,1
DA:298,1
DA:299,1
DA:305,1
DA:311,1
DA:319,0
DA:320,0
DA:325,1
DA:327,2
DA:330,0
DA:336,1
DA:337,1
DA:338,1
LF:98
LH:50
end_of_record
