SF:lib/core/crypto/crypto_box.dart
DA:7,1
DA:13,1
DA:18,2
DA:19,1
DA:24,1
DA:27,1
DA:32,1
DA:33,1
DA:34,2
DA:36,1
DA:39,0
DA:41,0
DA:42,0
DA:44,0
DA:45,0
DA:46,0
DA:51,0
DA:52,0
DA:53,0
DA:58,1
DA:63,1
DA:66,1
DA:68,1
DA:71,1
DA:76,1
DA:77,1
DA:78,1
DA:81,1
DA:86,1
DA:87,2
DA:88,2
DA:91,1
DA:96,1
DA:97,2
DA:100,1
DA:104,2
DA:105,2
DA:106,2
DA:109,1
DA:110,1
DA:111,2
DA:112,2
DA:113,3
DA:115,3
DA:118,1
DA:119,2
DA:120,1
DA:121,1
DA:122,2
DA:123,2
DA:124,3
DA:127,0
DA:128,0
DA:129,0
DA:130,0
DA:131,0
DA:132,0
LF:57
LH:42
end_of_record
SF:lib/core/crypto/key_manager.dart
DA:7,0
DA:9,1
DA:16,1
DA:17,1
DA:19,1
DA:20,2
DA:22,0
DA:29,1
DA:30,1
DA:31,1
DA:32,2
DA:34,0
DA:42,2
DA:45,0
DA:46,0
DA:47,0
DA:48,0
DA:50,0
DA:65,1
DA:66,1
DA:67,3
LF:21
LH:13
end_of_record
SF:lib/core/security/password_validator.dart
DA:16,1
DA:33,1
DA:48,1
DA:51,3
DA:52,1
DA:55,3
DA:58,1
DA:61,3
DA:64,1
DA:67,3
DA:70,1
DA:73,3
DA:76,1
DA:79,3
DA:82,1
DA:85,2
DA:91,1
DA:92,1
DA:93,1
DA:97,2
DA:98,2
DA:99,2
DA:101,2
DA:102,3
DA:107,2
DA:108,4
DA:112,3
DA:113,1
DA:114,3
DA:118,1
DA:120,1
DA:121,2
DA:123,1
DA:133,1
DA:134,1
DA:135,1
DA:136,1
DA:141,1
DA:143,1
DA:145,1
DA:147,1
DA:149,1
DA:151,1
DA:153,1
DA:161,1
DA:162,1
DA:165,1
DA:175,2
DA:176,1
DA:180,4
DA:181,8
DA:190,2
DA:196,2
DA:198,2
DA:204,2
DA:205,2
DA:208,2
DA:211,2
DA:212,2
DA:216,2
DA:217,2
DA:218,2
DA:219,4
DA:220,4
DA:222,2
DA:226,2
DA:227,2
DA:228,2
DA:232,2
DA:233,6
DA:234,4
DA:235,2
DA:237,4
DA:238,4
DA:239,6
DA:240,6
DA:244,8
DA:245,4
DA:246,2
DA:247,2
DA:254,2
DA:255,2
DA:256,4
DA:257,4
DA:258,4
DA:259,2
DA:264,2
DA:265,10
DA:269,2
DA:271,2
DA:272,4
DA:274,2
DA:275,2
DA:277,2
DA:278,4
DA:280,2
DA:287,2
DA:288,6
DA:291,6
DA:292,8
DA:294,2
DA:298,1
DA:300,1
DA:302,1
DA:304,1
DA:306,1
DA:312,1
DA:314,1
DA:316,1
DA:318,1
DA:320,1
LF:111
LH:111
end_of_record
